2019-10-07 10:53:30,692 org.hibernate.validator.internal.util.Version [background-preinit] (Version.java:21) INFO  --> HV000001: Hibernate Validator 6.0.17.Final
2019-10-07 10:53:30,874 com.anglia.mall.AdminAppMain [main] (StartupInfoLogger.java:50) INFO  --> Starting AdminAppMain on LAPTOP-ILE10CHG with PID 16940 (G:\workSpaceForIDEA\mall-li\mall-admin\target\classes started by 有之君 in G:\workSpaceForIDEA\mall-li)
2019-10-07 10:53:30,875 com.anglia.mall.AdminAppMain [main] (SpringApplication.java:648) INFO  --> No active profile set, falling back to default profiles: default
2019-10-07 10:53:31,986 org.springframework.boot.web.embedded.tomcat.TomcatWebServer [main] (TomcatWebServer.java:90) INFO  --> Tomcat initialized with port(s): 8080 (http)
2019-10-07 10:53:33,197 org.springframework.web.context.ContextLoader [main] (ServletWebServerApplicationContext.java:284) INFO  --> Root WebApplicationContext: initialization completed in 2289 ms
2019-10-07 10:53:33,227 com.anglia.mall.config.DruidConfig [main] (DruidConfig.java:130) INFO  --> 配置访问监控的servlet信息
2019-10-07 10:53:33,232 com.anglia.mall.config.DruidConfig [main] (DruidConfig.java:142) INFO  --> 配置访问监控的servlet信息完毕
2019-10-07 10:53:33,234 com.anglia.mall.config.DruidConfig [main] (DruidConfig.java:152) INFO  --> 配置监控的过滤器信息
2019-10-07 10:53:33,237 com.anglia.mall.config.DruidConfig [main] (DruidConfig.java:158) INFO  --> 配置监控的过滤器完毕
2019-10-07 10:53:33,351 com.anglia.mall.config.DruidConfig [main] (DruidConfig.java:91) INFO  --> 开始加载DruidDataSource信息
2019-10-07 10:53:33,372 com.anglia.mall.config.DruidConfig [main] (DruidConfig.java:118) INFO  --> 加载DruidDataSource信息完毕
2019-10-07 10:53:33,634 org.springframework.scheduling.concurrent.ThreadPoolTaskExecutor [main] (ExecutorConfigurationSupport.java:171) INFO  --> Initializing ExecutorService 'applicationTaskExecutor'
2019-10-07 10:53:33,882 org.springframework.boot.web.embedded.tomcat.TomcatWebServer [main] (TomcatWebServer.java:202) INFO  --> Tomcat started on port(s): 8080 (http) with context path ''
2019-10-07 10:53:33,885 com.anglia.mall.AdminAppMain [main] (StartupInfoLogger.java:59) INFO  --> Started AdminAppMain in 3.305 seconds (JVM running for 5.131)
2019-10-07 10:54:21,681 org.springframework.web.servlet.DispatcherServlet [http-nio-8080-exec-1] (FrameworkServlet.java:524) INFO  --> Initializing Servlet 'dispatcherServlet'
2019-10-07 10:54:21,687 org.springframework.web.servlet.DispatcherServlet [http-nio-8080-exec-1] (FrameworkServlet.java:546) INFO  --> Completed initialization in 6 ms
2019-10-07 10:56:20,441 org.hibernate.validator.internal.util.Version [background-preinit] (Version.java:21) INFO  --> HV000001: Hibernate Validator 6.0.17.Final
2019-10-07 10:56:20,617 com.anglia.mall.AdminAppMain [main] (StartupInfoLogger.java:50) INFO  --> Starting AdminAppMain on LAPTOP-ILE10CHG with PID 7216 (G:\workSpaceForIDEA\mall-li\mall-admin\target\classes started by 有之君 in G:\workSpaceForIDEA\mall-li)
2019-10-07 10:56:20,618 com.anglia.mall.AdminAppMain [main] (SpringApplication.java:648) INFO  --> No active profile set, falling back to default profiles: default
2019-10-07 10:56:21,751 org.springframework.boot.web.embedded.tomcat.TomcatWebServer [main] (TomcatWebServer.java:90) INFO  --> Tomcat initialized with port(s): 8080 (http)
2019-10-07 10:56:22,934 org.springframework.web.context.ContextLoader [main] (ServletWebServerApplicationContext.java:284) INFO  --> Root WebApplicationContext: initialization completed in 2272 ms
2019-10-07 10:56:22,945 com.anglia.mall.config.DruidConfig [main] (DruidConfig.java:130) INFO  --> 配置访问监控的servlet信息
2019-10-07 10:56:22,949 com.anglia.mall.config.DruidConfig [main] (DruidConfig.java:142) INFO  --> 配置访问监控的servlet信息完毕
2019-10-07 10:56:22,951 com.anglia.mall.config.DruidConfig [main] (DruidConfig.java:152) INFO  --> 配置监控的过滤器信息
2019-10-07 10:56:22,953 com.anglia.mall.config.DruidConfig [main] (DruidConfig.java:158) INFO  --> 配置监控的过滤器完毕
2019-10-07 10:56:23,033 com.anglia.mall.config.DruidConfig [main] (DruidConfig.java:91) INFO  --> 开始加载DruidDataSource信息
2019-10-07 10:56:23,054 com.anglia.mall.config.DruidConfig [main] (DruidConfig.java:118) INFO  --> 加载DruidDataSource信息完毕
2019-10-07 10:56:23,305 org.springframework.scheduling.concurrent.ThreadPoolTaskExecutor [main] (ExecutorConfigurationSupport.java:171) INFO  --> Initializing ExecutorService 'applicationTaskExecutor'
2019-10-07 10:56:23,520 org.springframework.boot.web.embedded.tomcat.TomcatWebServer [main] (TomcatWebServer.java:202) INFO  --> Tomcat started on port(s): 8080 (http) with context path ''
2019-10-07 10:56:23,522 com.anglia.mall.AdminAppMain [main] (StartupInfoLogger.java:59) INFO  --> Started AdminAppMain in 3.217 seconds (JVM running for 4.746)
2019-10-07 10:57:46,928 org.springframework.web.servlet.DispatcherServlet [http-nio-8080-exec-1] (FrameworkServlet.java:524) INFO  --> Initializing Servlet 'dispatcherServlet'
2019-10-07 10:57:46,933 org.springframework.web.servlet.DispatcherServlet [http-nio-8080-exec-1] (FrameworkServlet.java:546) INFO  --> Completed initialization in 5 ms
2019-10-07 10:58:49,166 org.hibernate.validator.internal.util.Version [background-preinit] (Version.java:21) INFO  --> HV000001: Hibernate Validator 6.0.17.Final
2019-10-07 10:58:49,373 com.anglia.mall.AdminAppMain [main] (StartupInfoLogger.java:50) INFO  --> Starting AdminAppMain on LAPTOP-ILE10CHG with PID 11860 (G:\workSpaceForIDEA\mall-li\mall-admin\target\classes started by 有之君 in G:\workSpaceForIDEA\mall-li)
2019-10-07 10:58:49,374 com.anglia.mall.AdminAppMain [main] (SpringApplication.java:648) INFO  --> No active profile set, falling back to default profiles: default
2019-10-07 10:58:50,697 org.springframework.boot.web.embedded.tomcat.TomcatWebServer [main] (TomcatWebServer.java:90) INFO  --> Tomcat initialized with port(s): 8080 (http)
2019-10-07 10:58:51,926 org.springframework.web.context.ContextLoader [main] (ServletWebServerApplicationContext.java:284) INFO  --> Root WebApplicationContext: initialization completed in 2506 ms
2019-10-07 10:58:51,938 com.anglia.mall.config.DruidConfig [main] (DruidConfig.java:130) INFO  --> 配置访问监控的servlet信息
2019-10-07 10:58:51,944 com.anglia.mall.config.DruidConfig [main] (DruidConfig.java:142) INFO  --> 配置访问监控的servlet信息完毕
2019-10-07 10:58:51,946 com.anglia.mall.config.DruidConfig [main] (DruidConfig.java:152) INFO  --> 配置监控的过滤器信息
2019-10-07 10:58:51,950 com.anglia.mall.config.DruidConfig [main] (DruidConfig.java:158) INFO  --> 配置监控的过滤器完毕
2019-10-07 10:58:52,222 com.anglia.mall.config.DruidConfig [main] (DruidConfig.java:91) INFO  --> 开始加载DruidDataSource信息
2019-10-07 10:58:52,246 com.anglia.mall.config.DruidConfig [main] (DruidConfig.java:118) INFO  --> 加载DruidDataSource信息完毕
2019-10-07 10:58:52,519 org.springframework.scheduling.concurrent.ThreadPoolTaskExecutor [main] (ExecutorConfigurationSupport.java:171) INFO  --> Initializing ExecutorService 'applicationTaskExecutor'
2019-10-07 10:58:52,790 org.springframework.boot.web.embedded.tomcat.TomcatWebServer [main] (TomcatWebServer.java:202) INFO  --> Tomcat started on port(s): 8080 (http) with context path ''
2019-10-07 10:58:52,796 com.anglia.mall.AdminAppMain [main] (StartupInfoLogger.java:59) INFO  --> Started AdminAppMain in 3.81 seconds (JVM running for 6.496)
2019-10-07 10:59:02,096 org.springframework.web.servlet.DispatcherServlet [http-nio-8080-exec-1] (FrameworkServlet.java:524) INFO  --> Initializing Servlet 'dispatcherServlet'
2019-10-07 10:59:02,104 org.springframework.web.servlet.DispatcherServlet [http-nio-8080-exec-1] (FrameworkServlet.java:546) INFO  --> Completed initialization in 8 ms
2019-10-07 11:01:02,197 org.springframework.scheduling.concurrent.ThreadPoolTaskExecutor [Thread-9] (ExecutorConfigurationSupport.java:208) INFO  --> Shutting down ExecutorService 'applicationTaskExecutor'
2019-10-07 11:01:02,198 com.alibaba.druid.pool.DruidDataSource [Thread-9] (DruidDataSource.java:1965) INFO  --> {dataSource-0} closing ...
2019-10-07 11:01:16,169 org.hibernate.validator.internal.util.Version [background-preinit] (Version.java:21) INFO  --> HV000001: Hibernate Validator 6.0.17.Final
2019-10-07 11:01:16,401 com.anglia.mall.AdminAppMain [main] (StartupInfoLogger.java:50) INFO  --> Starting AdminAppMain on LAPTOP-ILE10CHG with PID 16812 (G:\workSpaceForIDEA\mall-li\mall-admin\target\classes started by 有之君 in G:\workSpaceForIDEA\mall-li)
2019-10-07 11:01:16,402 com.anglia.mall.AdminAppMain [main] (SpringApplication.java:648) INFO  --> No active profile set, falling back to default profiles: default
2019-10-07 11:01:17,808 org.springframework.boot.web.embedded.tomcat.TomcatWebServer [main] (TomcatWebServer.java:90) INFO  --> Tomcat initialized with port(s): 8080 (http)
2019-10-07 11:01:19,033 org.springframework.web.context.ContextLoader [main] (ServletWebServerApplicationContext.java:284) INFO  --> Root WebApplicationContext: initialization completed in 2581 ms
2019-10-07 11:01:19,045 com.anglia.mall.config.DruidConfig [main] (DruidConfig.java:130) INFO  --> 配置访问监控的servlet信息
2019-10-07 11:01:19,050 com.anglia.mall.config.DruidConfig [main] (DruidConfig.java:142) INFO  --> 配置访问监控的servlet信息完毕
2019-10-07 11:01:19,053 com.anglia.mall.config.DruidConfig [main] (DruidConfig.java:152) INFO  --> 配置监控的过滤器信息
2019-10-07 11:01:19,056 com.anglia.mall.config.DruidConfig [main] (DruidConfig.java:158) INFO  --> 配置监控的过滤器完毕
2019-10-07 11:01:19,168 com.anglia.mall.config.DruidConfig [main] (DruidConfig.java:91) INFO  --> 开始加载DruidDataSource信息
2019-10-07 11:01:19,189 com.anglia.mall.config.DruidConfig [main] (DruidConfig.java:118) INFO  --> 加载DruidDataSource信息完毕
2019-10-07 11:01:19,464 org.springframework.scheduling.concurrent.ThreadPoolTaskExecutor [main] (ExecutorConfigurationSupport.java:171) INFO  --> Initializing ExecutorService 'applicationTaskExecutor'
2019-10-07 11:01:19,764 org.springframework.boot.web.embedded.tomcat.TomcatWebServer [main] (TomcatWebServer.java:202) INFO  --> Tomcat started on port(s): 8080 (http) with context path ''
2019-10-07 11:01:19,768 com.anglia.mall.AdminAppMain [main] (StartupInfoLogger.java:59) INFO  --> Started AdminAppMain in 3.765 seconds (JVM running for 5.517)
2019-10-07 11:01:46,901 org.springframework.web.servlet.DispatcherServlet [http-nio-8080-exec-1] (FrameworkServlet.java:524) INFO  --> Initializing Servlet 'dispatcherServlet'
2019-10-07 11:01:46,907 org.springframework.web.servlet.DispatcherServlet [http-nio-8080-exec-1] (FrameworkServlet.java:546) INFO  --> Completed initialization in 6 ms
2019-10-07 11:02:48,407 org.springframework.scheduling.concurrent.ThreadPoolTaskExecutor [Thread-9] (ExecutorConfigurationSupport.java:208) INFO  --> Shutting down ExecutorService 'applicationTaskExecutor'
2019-10-07 11:02:48,408 com.alibaba.druid.pool.DruidDataSource [Thread-9] (DruidDataSource.java:1965) INFO  --> {dataSource-0} closing ...
2019-10-07 11:08:59,822 org.hibernate.validator.internal.util.Version [background-preinit] (Version.java:21) INFO  --> HV000001: Hibernate Validator 6.0.17.Final
2019-10-07 11:09:00,022 com.anglia.mall.AdminAppMain [main] (StartupInfoLogger.java:50) INFO  --> Starting AdminAppMain on LAPTOP-ILE10CHG with PID 14504 (G:\workSpaceForIDEA\mall-li\mall-admin\target\classes started by 有之君 in G:\workSpaceForIDEA\mall-li)
2019-10-07 11:09:00,024 com.anglia.mall.AdminAppMain [main] (SpringApplication.java:648) INFO  --> No active profile set, falling back to default profiles: default
2019-10-07 11:09:01,223 org.springframework.boot.web.embedded.tomcat.TomcatWebServer [main] (TomcatWebServer.java:90) INFO  --> Tomcat initialized with port(s): 8080 (http)
2019-10-07 11:09:02,416 org.springframework.web.context.ContextLoader [main] (ServletWebServerApplicationContext.java:284) INFO  --> Root WebApplicationContext: initialization completed in 2347 ms
2019-10-07 11:09:02,426 com.anglia.mall.config.DruidConfig [main] (DruidConfig.java:130) INFO  --> 配置访问监控的servlet信息
2019-10-07 11:09:02,430 com.anglia.mall.config.DruidConfig [main] (DruidConfig.java:142) INFO  --> 配置访问监控的servlet信息完毕
2019-10-07 11:09:02,432 com.anglia.mall.config.DruidConfig [main] (DruidConfig.java:152) INFO  --> 配置监控的过滤器信息
2019-10-07 11:09:02,433 com.anglia.mall.config.DruidConfig [main] (DruidConfig.java:158) INFO  --> 配置监控的过滤器完毕
2019-10-07 11:09:02,514 com.anglia.mall.config.DruidConfig [main] (DruidConfig.java:91) INFO  --> 开始加载DruidDataSource信息
2019-10-07 11:09:02,534 com.anglia.mall.config.DruidConfig [main] (DruidConfig.java:118) INFO  --> 加载DruidDataSource信息完毕
2019-10-07 11:09:03,659 org.springframework.scheduling.concurrent.ThreadPoolTaskExecutor [main] (ExecutorConfigurationSupport.java:171) INFO  --> Initializing ExecutorService 'applicationTaskExecutor'
2019-10-07 11:09:03,997 org.springframework.boot.web.embedded.tomcat.TomcatWebServer [main] (TomcatWebServer.java:202) INFO  --> Tomcat started on port(s): 8080 (http) with context path ''
2019-10-07 11:09:04,000 com.anglia.mall.AdminAppMain [main] (StartupInfoLogger.java:59) INFO  --> Started AdminAppMain in 4.289 seconds (JVM running for 5.887)
2019-10-07 11:09:09,887 org.springframework.web.servlet.DispatcherServlet [http-nio-8080-exec-1] (FrameworkServlet.java:524) INFO  --> Initializing Servlet 'dispatcherServlet'
2019-10-07 11:09:09,896 org.springframework.web.servlet.DispatcherServlet [http-nio-8080-exec-1] (FrameworkServlet.java:546) INFO  --> Completed initialization in 9 ms
2019-10-07 11:11:15,643 org.hibernate.validator.internal.util.Version [background-preinit] (Version.java:21) INFO  --> HV000001: Hibernate Validator 6.0.17.Final
2019-10-07 11:11:15,806 com.anglia.mall.AdminAppMain [main] (StartupInfoLogger.java:50) INFO  --> Starting AdminAppMain on LAPTOP-ILE10CHG with PID 8516 (G:\workSpaceForIDEA\mall-li\mall-admin\target\classes started by 有之君 in G:\workSpaceForIDEA\mall-li)
2019-10-07 11:11:15,806 com.anglia.mall.AdminAppMain [main] (SpringApplication.java:648) INFO  --> No active profile set, falling back to default profiles: default
2019-10-07 11:11:16,896 org.springframework.boot.web.embedded.tomcat.TomcatWebServer [main] (TomcatWebServer.java:90) INFO  --> Tomcat initialized with port(s): 8080 (http)
2019-10-07 11:11:18,081 org.springframework.web.context.ContextLoader [main] (ServletWebServerApplicationContext.java:284) INFO  --> Root WebApplicationContext: initialization completed in 2243 ms
2019-10-07 11:11:18,091 com.anglia.mall.config.DruidConfig [main] (DruidConfig.java:130) INFO  --> 配置访问监控的servlet信息
2019-10-07 11:11:18,095 com.anglia.mall.config.DruidConfig [main] (DruidConfig.java:142) INFO  --> 配置访问监控的servlet信息完毕
2019-10-07 11:11:18,097 com.anglia.mall.config.DruidConfig [main] (DruidConfig.java:152) INFO  --> 配置监控的过滤器信息
2019-10-07 11:11:18,100 com.anglia.mall.config.DruidConfig [main] (DruidConfig.java:158) INFO  --> 配置监控的过滤器完毕
2019-10-07 11:11:18,185 com.anglia.mall.config.DruidConfig [main] (DruidConfig.java:91) INFO  --> 开始加载DruidDataSource信息
2019-10-07 11:11:18,206 com.anglia.mall.config.DruidConfig [main] (DruidConfig.java:118) INFO  --> 加载DruidDataSource信息完毕
2019-10-07 11:11:19,119 org.mybatis.spring.mapper.MapperFactoryBean [main] (MapperFactoryBean.java:82) ERROR --> Error while adding the mapper 'interface com.anglia.mall.mapper.PmsBrandMapper' to configuration.
org.apache.ibatis.builder.BuilderException: Error parsing Mapper XML. The XML location is 'com/anglia/mall/mapper/PmsBrandMapper.xml'. Cause: org.apache.ibatis.builder.BuilderException: Wrong namespace. Expected 'com.anglia.mall.mapper.PmsBrandMapper' but found 'com.anglia.mall.mapper.PmsBrandService'.
	at org.apache.ibatis.builder.xml.XMLMapperBuilder.configurationElement(XMLMapperBuilder.java:120)
	at org.apache.ibatis.builder.xml.XMLMapperBuilder.parse(XMLMapperBuilder.java:92)
	at org.apache.ibatis.builder.annotation.MapperAnnotationBuilder.loadXmlResource(MapperAnnotationBuilder.java:173)
	at org.apache.ibatis.builder.annotation.MapperAnnotationBuilder.parse(MapperAnnotationBuilder.java:124)
	at org.apache.ibatis.binding.MapperRegistry.addMapper(MapperRegistry.java:72)
	at org.apache.ibatis.session.Configuration.addMapper(Configuration.java:741)
	at org.mybatis.spring.mapper.MapperFactoryBean.checkDaoConfig(MapperFactoryBean.java:80)
	at org.springframework.dao.support.DaoSupport.afterPropertiesSet(DaoSupport.java:44)
	at org.springframework.beans.factory.support.AbstractAutowireCapableBeanFactory.invokeInitMethods(AbstractAutowireCapableBeanFactory.java:1837)
	at org.springframework.beans.factory.support.AbstractAutowireCapableBeanFactory.initializeBean(AbstractAutowireCapableBeanFactory.java:1774)
	at org.springframework.beans.factory.support.AbstractAutowireCapableBeanFactory.doCreateBean(AbstractAutowireCapableBeanFactory.java:593)
	at org.springframework.beans.factory.support.AbstractAutowireCapableBeanFactory.createBean(AbstractAutowireCapableBeanFactory.java:515)
	at org.springframework.beans.factory.support.AbstractBeanFactory.lambda$doGetBean$0(AbstractBeanFactory.java:320)
	at org.springframework.beans.factory.support.DefaultSingletonBeanRegistry.getSingleton(DefaultSingletonBeanRegistry.java:222)
	at org.springframework.beans.factory.support.AbstractBeanFactory.doGetBean(AbstractBeanFactory.java:318)
	at org.springframework.beans.factory.support.AbstractBeanFactory.getBean(AbstractBeanFactory.java:199)
	at org.springframework.beans.factory.config.DependencyDescriptor.resolveCandidate(DependencyDescriptor.java:277)
	at org.springframework.beans.factory.support.DefaultListableBeanFactory.doResolveDependency(DefaultListableBeanFactory.java:1251)
	at org.springframework.beans.factory.support.DefaultListableBeanFactory.resolveDependency(DefaultListableBeanFactory.java:1171)
	at org.springframework.beans.factory.annotation.AutowiredAnnotationBeanPostProcessor$AutowiredFieldElement.inject(AutowiredAnnotationBeanPostProcessor.java:593)
	at org.springframework.beans.factory.annotation.InjectionMetadata.inject(InjectionMetadata.java:90)
	at org.springframework.beans.factory.annotation.AutowiredAnnotationBeanPostProcessor.postProcessProperties(AutowiredAnnotationBeanPostProcessor.java:374)
	at org.springframework.beans.factory.support.AbstractAutowireCapableBeanFactory.populateBean(AbstractAutowireCapableBeanFactory.java:1411)
	at org.springframework.beans.factory.support.AbstractAutowireCapableBeanFactory.doCreateBean(AbstractAutowireCapableBeanFactory.java:592)
	at org.springframework.beans.factory.support.AbstractAutowireCapableBeanFactory.createBean(AbstractAutowireCapableBeanFactory.java:515)
	at org.springframework.beans.factory.support.AbstractBeanFactory.lambda$doGetBean$0(AbstractBeanFactory.java:320)
	at org.springframework.beans.factory.support.DefaultSingletonBeanRegistry.getSingleton(DefaultSingletonBeanRegistry.java:222)
	at org.springframework.beans.factory.support.AbstractBeanFactory.doGetBean(AbstractBeanFactory.java:318)
	at org.springframework.beans.factory.support.AbstractBeanFactory.getBean(AbstractBeanFactory.java:199)
	at org.springframework.beans.factory.config.DependencyDescriptor.resolveCandidate(DependencyDescriptor.java:277)
	at org.springframework.beans.factory.support.DefaultListableBeanFactory.doResolveDependency(DefaultListableBeanFactory.java:1251)
	at org.springframework.beans.factory.support.DefaultListableBeanFactory.resolveDependency(DefaultListableBeanFactory.java:1171)
	at org.springframework.beans.factory.annotation.AutowiredAnnotationBeanPostProcessor$AutowiredFieldElement.inject(AutowiredAnnotationBeanPostProcessor.java:593)
	at org.springframework.beans.factory.annotation.InjectionMetadata.inject(InjectionMetadata.java:90)
	at org.springframework.beans.factory.annotation.AutowiredAnnotationBeanPostProcessor.postProcessProperties(AutowiredAnnotationBeanPostProcessor.java:374)
	at org.springframework.beans.factory.support.AbstractAutowireCapableBeanFactory.populateBean(AbstractAutowireCapableBeanFactory.java:1411)
	at org.springframework.beans.factory.support.AbstractAutowireCapableBeanFactory.doCreateBean(AbstractAutowireCapableBeanFactory.java:592)
	at org.springframework.beans.factory.support.AbstractAutowireCapableBeanFactory.createBean(AbstractAutowireCapableBeanFactory.java:515)
	at org.springframework.beans.factory.support.AbstractBeanFactory.lambda$doGetBean$0(AbstractBeanFactory.java:320)
	at org.springframework.beans.factory.support.DefaultSingletonBeanRegistry.getSingleton(DefaultSingletonBeanRegistry.java:222)
	at org.springframework.beans.factory.support.AbstractBeanFactory.doGetBean(AbstractBeanFactory.java:318)
	at org.springframework.beans.factory.support.AbstractBeanFactory.getBean(AbstractBeanFactory.java:199)
	at org.springframework.beans.factory.support.DefaultListableBeanFactory.preInstantiateSingletons(DefaultListableBeanFactory.java:845)
	at org.springframework.context.support.AbstractApplicationContext.finishBeanFactoryInitialization(AbstractApplicationContext.java:877)
	at org.springframework.context.support.AbstractApplicationContext.refresh(AbstractApplicationContext.java:549)
	at org.springframework.boot.web.servlet.context.ServletWebServerApplicationContext.refresh(ServletWebServerApplicationContext.java:141)
	at org.springframework.boot.SpringApplication.refresh(SpringApplication.java:744)
	at org.springframework.boot.SpringApplication.refreshContext(SpringApplication.java:391)
	at org.springframework.boot.SpringApplication.run(SpringApplication.java:312)
	at org.springframework.boot.SpringApplication.run(SpringApplication.java:1215)
	at org.springframework.boot.SpringApplication.run(SpringApplication.java:1204)
	at com.anglia.mall.AdminAppMain.main(AdminAppMain.java:11)
Caused by: org.apache.ibatis.builder.BuilderException: Wrong namespace. Expected 'com.anglia.mall.mapper.PmsBrandMapper' but found 'com.anglia.mall.mapper.PmsBrandService'.
	at org.apache.ibatis.builder.MapperBuilderAssistant.setCurrentNamespace(MapperBuilderAssistant.java:78)
	at org.apache.ibatis.builder.xml.XMLMapperBuilder.configurationElement(XMLMapperBuilder.java:112)
	... 51 more
2019-10-07 11:11:19,124 org.springframework.boot.web.servlet.context.AnnotationConfigServletWebServerApplicationContext [main] (AbstractApplicationContext.java:557) WARN  --> Exception encountered during context initialization - cancelling refresh attempt: org.springframework.beans.factory.UnsatisfiedDependencyException: Error creating bean with name 'pmdBrandController': Unsatisfied dependency expressed through field 'pmsBrandService'; nested exception is org.springframework.beans.factory.UnsatisfiedDependencyException: Error creating bean with name 'pmsBrandServiceImpl': Unsatisfied dependency expressed through field 'pmsBrandMapper'; nested exception is org.springframework.beans.factory.BeanCreationException: Error creating bean with name 'pmsBrandMapper' defined in file [G:\workSpaceForIDEA\mall-li\mall-admin\target\classes\com\anglia\mall\mapper\PmsBrandMapper.class]: Invocation of init method failed; nested exception is java.lang.IllegalArgumentException: org.apache.ibatis.builder.BuilderException: Error parsing Mapper XML. The XML location is 'com/anglia/mall/mapper/PmsBrandMapper.xml'. Cause: org.apache.ibatis.builder.BuilderException: Wrong namespace. Expected 'com.anglia.mall.mapper.PmsBrandMapper' but found 'com.anglia.mall.mapper.PmsBrandService'.
2019-10-07 11:11:19,124 com.alibaba.druid.pool.DruidDataSource [main] (DruidDataSource.java:1965) INFO  --> {dataSource-0} closing ...
2019-10-07 11:11:19,150 org.springframework.boot.autoconfigure.logging.ConditionEvaluationReportLoggingListener [main] (ConditionEvaluationReportLoggingListener.java:136) INFO  --> 

Error starting ApplicationContext. To display the conditions report re-run your application with 'debug' enabled.
2019-10-07 11:11:19,158 org.springframework.boot.SpringApplication [main] (SpringApplication.java:823) ERROR --> Application run failed
org.springframework.beans.factory.UnsatisfiedDependencyException: Error creating bean with name 'pmdBrandController': Unsatisfied dependency expressed through field 'pmsBrandService'; nested exception is org.springframework.beans.factory.UnsatisfiedDependencyException: Error creating bean with name 'pmsBrandServiceImpl': Unsatisfied dependency expressed through field 'pmsBrandMapper'; nested exception is org.springframework.beans.factory.BeanCreationException: Error creating bean with name 'pmsBrandMapper' defined in file [G:\workSpaceForIDEA\mall-li\mall-admin\target\classes\com\anglia\mall\mapper\PmsBrandMapper.class]: Invocation of init method failed; nested exception is java.lang.IllegalArgumentException: org.apache.ibatis.builder.BuilderException: Error parsing Mapper XML. The XML location is 'com/anglia/mall/mapper/PmsBrandMapper.xml'. Cause: org.apache.ibatis.builder.BuilderException: Wrong namespace. Expected 'com.anglia.mall.mapper.PmsBrandMapper' but found 'com.anglia.mall.mapper.PmsBrandService'.
	at org.springframework.beans.factory.annotation.AutowiredAnnotationBeanPostProcessor$AutowiredFieldElement.inject(AutowiredAnnotationBeanPostProcessor.java:596)
	at org.springframework.beans.factory.annotation.InjectionMetadata.inject(InjectionMetadata.java:90)
	at org.springframework.beans.factory.annotation.AutowiredAnnotationBeanPostProcessor.postProcessProperties(AutowiredAnnotationBeanPostProcessor.java:374)
	at org.springframework.beans.factory.support.AbstractAutowireCapableBeanFactory.populateBean(AbstractAutowireCapableBeanFactory.java:1411)
	at org.springframework.beans.factory.support.AbstractAutowireCapableBeanFactory.doCreateBean(AbstractAutowireCapableBeanFactory.java:592)
	at org.springframework.beans.factory.support.AbstractAutowireCapableBeanFactory.createBean(AbstractAutowireCapableBeanFactory.java:515)
	at org.springframework.beans.factory.support.AbstractBeanFactory.lambda$doGetBean$0(AbstractBeanFactory.java:320)
	at org.springframework.beans.factory.support.DefaultSingletonBeanRegistry.getSingleton(DefaultSingletonBeanRegistry.java:222)
	at org.springframework.beans.factory.support.AbstractBeanFactory.doGetBean(AbstractBeanFactory.java:318)
	at org.springframework.beans.factory.support.AbstractBeanFactory.getBean(AbstractBeanFactory.java:199)
	at org.springframework.beans.factory.support.DefaultListableBeanFactory.preInstantiateSingletons(DefaultListableBeanFactory.java:845)
	at org.springframework.context.support.AbstractApplicationContext.finishBeanFactoryInitialization(AbstractApplicationContext.java:877)
	at org.springframework.context.support.AbstractApplicationContext.refresh(AbstractApplicationContext.java:549)
	at org.springframework.boot.web.servlet.context.ServletWebServerApplicationContext.refresh(ServletWebServerApplicationContext.java:141)
	at org.springframework.boot.SpringApplication.refresh(SpringApplication.java:744)
	at org.springframework.boot.SpringApplication.refreshContext(SpringApplication.java:391)
	at org.springframework.boot.SpringApplication.run(SpringApplication.java:312)
	at org.springframework.boot.SpringApplication.run(SpringApplication.java:1215)
	at org.springframework.boot.SpringApplication.run(SpringApplication.java:1204)
	at com.anglia.mall.AdminAppMain.main(AdminAppMain.java:11)
Caused by: org.springframework.beans.factory.UnsatisfiedDependencyException: Error creating bean with name 'pmsBrandServiceImpl': Unsatisfied dependency expressed through field 'pmsBrandMapper'; nested exception is org.springframework.beans.factory.BeanCreationException: Error creating bean with name 'pmsBrandMapper' defined in file [G:\workSpaceForIDEA\mall-li\mall-admin\target\classes\com\anglia\mall\mapper\PmsBrandMapper.class]: Invocation of init method failed; nested exception is java.lang.IllegalArgumentException: org.apache.ibatis.builder.BuilderException: Error parsing Mapper XML. The XML location is 'com/anglia/mall/mapper/PmsBrandMapper.xml'. Cause: org.apache.ibatis.builder.BuilderException: Wrong namespace. Expected 'com.anglia.mall.mapper.PmsBrandMapper' but found 'com.anglia.mall.mapper.PmsBrandService'.
	at org.springframework.beans.factory.annotation.AutowiredAnnotationBeanPostProcessor$AutowiredFieldElement.inject(AutowiredAnnotationBeanPostProcessor.java:596)
	at org.springframework.beans.factory.annotation.InjectionMetadata.inject(InjectionMetadata.java:90)
	at org.springframework.beans.factory.annotation.AutowiredAnnotationBeanPostProcessor.postProcessProperties(AutowiredAnnotationBeanPostProcessor.java:374)
	at org.springframework.beans.factory.support.AbstractAutowireCapableBeanFactory.populateBean(AbstractAutowireCapableBeanFactory.java:1411)
	at org.springframework.beans.factory.support.AbstractAutowireCapableBeanFactory.doCreateBean(AbstractAutowireCapableBeanFactory.java:592)
	at org.springframework.beans.factory.support.AbstractAutowireCapableBeanFactory.createBean(AbstractAutowireCapableBeanFactory.java:515)
	at org.springframework.beans.factory.support.AbstractBeanFactory.lambda$doGetBean$0(AbstractBeanFactory.java:320)
	at org.springframework.beans.factory.support.DefaultSingletonBeanRegistry.getSingleton(DefaultSingletonBeanRegistry.java:222)
	at org.springframework.beans.factory.support.AbstractBeanFactory.doGetBean(AbstractBeanFactory.java:318)
	at org.springframework.beans.factory.support.AbstractBeanFactory.getBean(AbstractBeanFactory.java:199)
	at org.springframework.beans.factory.config.DependencyDescriptor.resolveCandidate(DependencyDescriptor.java:277)
	at org.springframework.beans.factory.support.DefaultListableBeanFactory.doResolveDependency(DefaultListableBeanFactory.java:1251)
	at org.springframework.beans.factory.support.DefaultListableBeanFactory.resolveDependency(DefaultListableBeanFactory.java:1171)
	at org.springframework.beans.factory.annotation.AutowiredAnnotationBeanPostProcessor$AutowiredFieldElement.inject(AutowiredAnnotationBeanPostProcessor.java:593)
	... 19 more
Caused by: org.springframework.beans.factory.BeanCreationException: Error creating bean with name 'pmsBrandMapper' defined in file [G:\workSpaceForIDEA\mall-li\mall-admin\target\classes\com\anglia\mall\mapper\PmsBrandMapper.class]: Invocation of init method failed; nested exception is java.lang.IllegalArgumentException: org.apache.ibatis.builder.BuilderException: Error parsing Mapper XML. The XML location is 'com/anglia/mall/mapper/PmsBrandMapper.xml'. Cause: org.apache.ibatis.builder.BuilderException: Wrong namespace. Expected 'com.anglia.mall.mapper.PmsBrandMapper' but found 'com.anglia.mall.mapper.PmsBrandService'.
	at org.springframework.beans.factory.support.AbstractAutowireCapableBeanFactory.initializeBean(AbstractAutowireCapableBeanFactory.java:1778)
	at org.springframework.beans.factory.support.AbstractAutowireCapableBeanFactory.doCreateBean(AbstractAutowireCapableBeanFactory.java:593)
	at org.springframework.beans.factory.support.AbstractAutowireCapableBeanFactory.createBean(AbstractAutowireCapableBeanFactory.java:515)
	at org.springframework.beans.factory.support.AbstractBeanFactory.lambda$doGetBean$0(AbstractBeanFactory.java:320)
	at org.springframework.beans.factory.support.DefaultSingletonBeanRegistry.getSingleton(DefaultSingletonBeanRegistry.java:222)
	at org.springframework.beans.factory.support.AbstractBeanFactory.doGetBean(AbstractBeanFactory.java:318)
	at org.springframework.beans.factory.support.AbstractBeanFactory.getBean(AbstractBeanFactory.java:199)
	at org.springframework.beans.factory.config.DependencyDescriptor.resolveCandidate(DependencyDescriptor.java:277)
	at org.springframework.beans.factory.support.DefaultListableBeanFactory.doResolveDependency(DefaultListableBeanFactory.java:1251)
	at org.springframework.beans.factory.support.DefaultListableBeanFactory.resolveDependency(DefaultListableBeanFactory.java:1171)
	at org.springframework.beans.factory.annotation.AutowiredAnnotationBeanPostProcessor$AutowiredFieldElement.inject(AutowiredAnnotationBeanPostProcessor.java:593)
	... 32 more
Caused by: java.lang.IllegalArgumentException: org.apache.ibatis.builder.BuilderException: Error parsing Mapper XML. The XML location is 'com/anglia/mall/mapper/PmsBrandMapper.xml'. Cause: org.apache.ibatis.builder.BuilderException: Wrong namespace. Expected 'com.anglia.mall.mapper.PmsBrandMapper' but found 'com.anglia.mall.mapper.PmsBrandService'.
	at org.mybatis.spring.mapper.MapperFactoryBean.checkDaoConfig(MapperFactoryBean.java:83)
	at org.springframework.dao.support.DaoSupport.afterPropertiesSet(DaoSupport.java:44)
	at org.springframework.beans.factory.support.AbstractAutowireCapableBeanFactory.invokeInitMethods(AbstractAutowireCapableBeanFactory.java:1837)
	at org.springframework.beans.factory.support.AbstractAutowireCapableBeanFactory.initializeBean(AbstractAutowireCapableBeanFactory.java:1774)
	... 42 more
Caused by: org.apache.ibatis.builder.BuilderException: Error parsing Mapper XML. The XML location is 'com/anglia/mall/mapper/PmsBrandMapper.xml'. Cause: org.apache.ibatis.builder.BuilderException: Wrong namespace. Expected 'com.anglia.mall.mapper.PmsBrandMapper' but found 'com.anglia.mall.mapper.PmsBrandService'.
	at org.apache.ibatis.builder.xml.XMLMapperBuilder.configurationElement(XMLMapperBuilder.java:120)
	at org.apache.ibatis.builder.xml.XMLMapperBuilder.parse(XMLMapperBuilder.java:92)
	at org.apache.ibatis.builder.annotation.MapperAnnotationBuilder.loadXmlResource(MapperAnnotationBuilder.java:173)
	at org.apache.ibatis.builder.annotation.MapperAnnotationBuilder.parse(MapperAnnotationBuilder.java:124)
	at org.apache.ibatis.binding.MapperRegistry.addMapper(MapperRegistry.java:72)
	at org.apache.ibatis.session.Configuration.addMapper(Configuration.java:741)
	at org.mybatis.spring.mapper.MapperFactoryBean.checkDaoConfig(MapperFactoryBean.java:80)
	... 45 more
Caused by: org.apache.ibatis.builder.BuilderException: Wrong namespace. Expected 'com.anglia.mall.mapper.PmsBrandMapper' but found 'com.anglia.mall.mapper.PmsBrandService'.
	at org.apache.ibatis.builder.MapperBuilderAssistant.setCurrentNamespace(MapperBuilderAssistant.java:78)
	at org.apache.ibatis.builder.xml.XMLMapperBuilder.configurationElement(XMLMapperBuilder.java:112)
	... 51 more
2019-10-07 11:14:42,433 org.hibernate.validator.internal.util.Version [background-preinit] (Version.java:21) INFO  --> HV000001: Hibernate Validator 6.0.17.Final
2019-10-07 11:14:42,610 com.anglia.mall.AdminAppMain [main] (StartupInfoLogger.java:50) INFO  --> Starting AdminAppMain on LAPTOP-ILE10CHG with PID 15640 (G:\workSpaceForIDEA\mall-li\mall-admin\target\classes started by 有之君 in G:\workSpaceForIDEA\mall-li)
2019-10-07 11:14:42,611 com.anglia.mall.AdminAppMain [main] (SpringApplication.java:648) INFO  --> No active profile set, falling back to default profiles: default
2019-10-07 11:14:43,709 org.springframework.boot.web.embedded.tomcat.TomcatWebServer [main] (TomcatWebServer.java:90) INFO  --> Tomcat initialized with port(s): 8080 (http)
2019-10-07 11:14:44,890 org.springframework.web.context.ContextLoader [main] (ServletWebServerApplicationContext.java:284) INFO  --> Root WebApplicationContext: initialization completed in 2242 ms
2019-10-07 11:14:44,900 com.anglia.mall.config.DruidConfig [main] (DruidConfig.java:130) INFO  --> 配置访问监控的servlet信息
2019-10-07 11:14:44,904 com.anglia.mall.config.DruidConfig [main] (DruidConfig.java:142) INFO  --> 配置访问监控的servlet信息完毕
2019-10-07 11:14:44,906 com.anglia.mall.config.DruidConfig [main] (DruidConfig.java:152) INFO  --> 配置监控的过滤器信息
2019-10-07 11:14:44,909 com.anglia.mall.config.DruidConfig [main] (DruidConfig.java:158) INFO  --> 配置监控的过滤器完毕
2019-10-07 11:14:44,988 com.anglia.mall.config.DruidConfig [main] (DruidConfig.java:91) INFO  --> 开始加载DruidDataSource信息
2019-10-07 11:14:45,008 com.anglia.mall.config.DruidConfig [main] (DruidConfig.java:118) INFO  --> 加载DruidDataSource信息完毕
2019-10-07 11:14:46,032 org.springframework.scheduling.concurrent.ThreadPoolTaskExecutor [main] (ExecutorConfigurationSupport.java:171) INFO  --> Initializing ExecutorService 'applicationTaskExecutor'
2019-10-07 11:14:46,388 org.springframework.boot.web.embedded.tomcat.TomcatWebServer [main] (TomcatWebServer.java:202) INFO  --> Tomcat started on port(s): 8080 (http) with context path ''
2019-10-07 11:14:46,391 com.anglia.mall.AdminAppMain [main] (StartupInfoLogger.java:59) INFO  --> Started AdminAppMain in 4.098 seconds (JVM running for 5.661)
2019-10-07 11:14:55,251 org.springframework.web.servlet.DispatcherServlet [http-nio-8080-exec-1] (FrameworkServlet.java:524) INFO  --> Initializing Servlet 'dispatcherServlet'
2019-10-07 11:14:55,260 org.springframework.web.servlet.DispatcherServlet [http-nio-8080-exec-1] (FrameworkServlet.java:546) INFO  --> Completed initialization in 8 ms
2019-10-07 11:14:55,625 com.alibaba.druid.pool.DruidDataSource [http-nio-8080-exec-1] (DruidDataSource.java:1003) INFO  --> {dataSource-1} inited
2019-10-07 11:14:55,794 org.springframework.web.servlet.mvc.support.DefaultHandlerExceptionResolver [http-nio-8080-exec-1] (AbstractHandlerExceptionResolver.java:198) WARN  --> Resolved [org.springframework.http.converter.HttpMessageNotWritableException: No converter found for return value of type: class com.anglia.mall.CommonResult]
2019-10-07 11:16:29,076 org.hibernate.validator.internal.util.Version [background-preinit] (Version.java:21) INFO  --> HV000001: Hibernate Validator 6.0.17.Final
2019-10-07 11:16:29,307 com.anglia.mall.AdminAppMain [main] (StartupInfoLogger.java:50) INFO  --> Starting AdminAppMain on LAPTOP-ILE10CHG with PID 20168 (G:\workSpaceForIDEA\mall-li\mall-admin\target\classes started by 有之君 in G:\workSpaceForIDEA\mall-li)
2019-10-07 11:16:29,308 com.anglia.mall.AdminAppMain [main] (SpringApplication.java:648) INFO  --> No active profile set, falling back to default profiles: default
2019-10-07 11:16:30,696 org.springframework.boot.web.embedded.tomcat.TomcatWebServer [main] (TomcatWebServer.java:90) INFO  --> Tomcat initialized with port(s): 8080 (http)
2019-10-07 11:16:31,981 org.springframework.web.context.ContextLoader [main] (ServletWebServerApplicationContext.java:284) INFO  --> Root WebApplicationContext: initialization completed in 2613 ms
2019-10-07 11:16:31,996 com.anglia.mall.config.DruidConfig [main] (DruidConfig.java:130) INFO  --> 配置访问监控的servlet信息
2019-10-07 11:16:32,002 com.anglia.mall.config.DruidConfig [main] (DruidConfig.java:142) INFO  --> 配置访问监控的servlet信息完毕
2019-10-07 11:16:32,004 com.anglia.mall.config.DruidConfig [main] (DruidConfig.java:152) INFO  --> 配置监控的过滤器信息
2019-10-07 11:16:32,009 com.anglia.mall.config.DruidConfig [main] (DruidConfig.java:158) INFO  --> 配置监控的过滤器完毕
2019-10-07 11:16:32,141 com.anglia.mall.config.DruidConfig [main] (DruidConfig.java:91) INFO  --> 开始加载DruidDataSource信息
2019-10-07 11:16:32,163 com.anglia.mall.config.DruidConfig [main] (DruidConfig.java:118) INFO  --> 加载DruidDataSource信息完毕
2019-10-07 11:16:33,523 org.springframework.scheduling.concurrent.ThreadPoolTaskExecutor [main] (ExecutorConfigurationSupport.java:171) INFO  --> Initializing ExecutorService 'applicationTaskExecutor'
2019-10-07 11:16:33,792 org.springframework.boot.web.embedded.tomcat.TomcatWebServer [main] (TomcatWebServer.java:202) INFO  --> Tomcat started on port(s): 8080 (http) with context path ''
2019-10-07 11:16:33,796 com.anglia.mall.AdminAppMain [main] (StartupInfoLogger.java:59) INFO  --> Started AdminAppMain in 4.907 seconds (JVM running for 6.622)
2019-10-07 11:17:14,123 org.springframework.web.servlet.DispatcherServlet [http-nio-8080-exec-1] (FrameworkServlet.java:524) INFO  --> Initializing Servlet 'dispatcherServlet'
2019-10-07 11:17:14,132 org.springframework.web.servlet.DispatcherServlet [http-nio-8080-exec-1] (FrameworkServlet.java:546) INFO  --> Completed initialization in 9 ms
2019-10-07 11:17:41,221 com.alibaba.druid.pool.DruidDataSource [http-nio-8080-exec-1] (DruidDataSource.java:1003) INFO  --> {dataSource-1} inited
2019-10-07 11:19:25,855 org.springframework.web.servlet.mvc.support.DefaultHandlerExceptionResolver [http-nio-8080-exec-1] (AbstractHandlerExceptionResolver.java:198) WARN  --> Resolved [org.springframework.http.converter.HttpMessageNotWritableException: No converter found for return value of type: class com.anglia.mall.CommonResult]
2019-10-07 11:22:41,167 org.springframework.scheduling.concurrent.ThreadPoolTaskExecutor [Thread-11] (ExecutorConfigurationSupport.java:208) INFO  --> Shutting down ExecutorService 'applicationTaskExecutor'
2019-10-07 11:22:41,168 com.alibaba.druid.pool.DruidDataSource [Thread-11] (DruidDataSource.java:1965) INFO  --> {dataSource-1} closing ...
2019-10-07 11:22:41,176 com.alibaba.druid.pool.DruidDataSource [Thread-11] (DruidDataSource.java:2037) INFO  --> {dataSource-1} closed
2019-10-07 11:55:49,060 org.hibernate.validator.internal.util.Version [background-preinit] (Version.java:21) INFO  --> HV000001: Hibernate Validator 6.0.17.Final
2019-10-07 11:55:49,255 com.anglia.mall.AdminAppMain [main] (StartupInfoLogger.java:50) INFO  --> Starting AdminAppMain on LAPTOP-ILE10CHG with PID 10596 (G:\workSpaceForIDEA\mall-li\mall-admin\target\classes started by 有之君 in G:\workSpaceForIDEA\mall-li)
2019-10-07 11:55:49,256 com.anglia.mall.AdminAppMain [main] (SpringApplication.java:648) INFO  --> No active profile set, falling back to default profiles: default
2019-10-07 11:55:50,435 org.springframework.context.support.PostProcessorRegistrationDelegate$BeanPostProcessorChecker [main] (PostProcessorRegistrationDelegate.java:330) INFO  --> Bean 'org.springframework.transaction.annotation.ProxyTransactionManagementConfiguration' of type [org.springframework.transaction.annotation.ProxyTransactionManagementConfiguration$$EnhancerBySpringCGLIB$$65008d66] is not eligible for getting processed by all BeanPostProcessors (for example: not eligible for auto-proxying)
2019-10-07 11:55:50,668 org.springframework.boot.web.embedded.tomcat.TomcatWebServer [main] (TomcatWebServer.java:90) INFO  --> Tomcat initialized with port(s): 8080 (http)
2019-10-07 11:55:51,859 org.springframework.web.context.ContextLoader [main] (ServletWebServerApplicationContext.java:284) INFO  --> Root WebApplicationContext: initialization completed in 2565 ms
2019-10-07 11:55:51,870 com.anglia.mall.config.DruidConfig [main] (DruidConfig.java:130) INFO  --> 配置访问监控的servlet信息
2019-10-07 11:55:51,874 com.anglia.mall.config.DruidConfig [main] (DruidConfig.java:142) INFO  --> 配置访问监控的servlet信息完毕
2019-10-07 11:55:51,876 com.anglia.mall.config.DruidConfig [main] (DruidConfig.java:152) INFO  --> 配置监控的过滤器信息
2019-10-07 11:55:51,878 com.anglia.mall.config.DruidConfig [main] (DruidConfig.java:158) INFO  --> 配置监控的过滤器完毕
2019-10-07 11:55:51,961 com.anglia.mall.config.DruidConfig [main] (DruidConfig.java:91) INFO  --> 开始加载DruidDataSource信息
2019-10-07 11:55:51,981 com.anglia.mall.config.DruidConfig [main] (DruidConfig.java:118) INFO  --> 加载DruidDataSource信息完毕
2019-10-07 11:55:53,267 springfox.documentation.spring.web.PropertySourcedRequestMappingHandlerMapping [main] (PropertySourcedRequestMappingHandlerMapping.java:69) INFO  --> Mapped URL path [/v2/api-docs] onto method [public org.springframework.http.ResponseEntity<springfox.documentation.spring.web.json.Json> springfox.documentation.swagger2.web.Swagger2Controller.getDocumentation(java.lang.String,javax.servlet.http.HttpServletRequest)]
2019-10-07 11:55:53,371 org.springframework.scheduling.concurrent.ThreadPoolTaskExecutor [main] (ExecutorConfigurationSupport.java:171) INFO  --> Initializing ExecutorService 'applicationTaskExecutor'
2019-10-07 11:55:53,538 springfox.documentation.spring.web.plugins.DocumentationPluginsBootstrapper [main] (DocumentationPluginsBootstrapper.java:147) INFO  --> Context refreshed
2019-10-07 11:55:53,552 springfox.documentation.spring.web.plugins.DocumentationPluginsBootstrapper [main] (DocumentationPluginsBootstrapper.java:150) INFO  --> Found 1 custom documentation plugin(s)
2019-10-07 11:55:53,581 springfox.documentation.spring.web.scanners.ApiListingReferenceScanner [main] (ApiListingReferenceScanner.java:41) INFO  --> Scanning for api listing references
2019-10-07 11:55:53,722 org.springframework.boot.web.embedded.tomcat.TomcatWebServer [main] (TomcatWebServer.java:202) INFO  --> Tomcat started on port(s): 8080 (http) with context path ''
2019-10-07 11:55:53,725 com.anglia.mall.AdminAppMain [main] (StartupInfoLogger.java:59) INFO  --> Started AdminAppMain in 4.792 seconds (JVM running for 6.404)
2019-10-07 11:56:44,923 org.springframework.web.servlet.DispatcherServlet [http-nio-8080-exec-1] (FrameworkServlet.java:524) INFO  --> Initializing Servlet 'dispatcherServlet'
2019-10-07 11:56:44,935 org.springframework.web.servlet.DispatcherServlet [http-nio-8080-exec-1] (FrameworkServlet.java:546) INFO  --> Completed initialization in 12 ms
2019-10-07 11:58:28,194 com.alibaba.druid.pool.DruidDataSource [http-nio-8080-exec-7] (DruidDataSource.java:1003) INFO  --> {dataSource-1} inited
2019-10-07 11:58:28,308 org.springframework.web.servlet.mvc.support.DefaultHandlerExceptionResolver [http-nio-8080-exec-7] (AbstractHandlerExceptionResolver.java:198) WARN  --> Resolved [org.springframework.http.converter.HttpMessageNotWritableException: No converter found for return value of type: class com.anglia.mall.CommonResult]
2019-10-07 12:01:28,065 org.hibernate.validator.internal.util.Version [background-preinit] (Version.java:21) INFO  --> HV000001: Hibernate Validator 6.0.17.Final
2019-10-07 12:01:28,243 com.anglia.mall.AdminAppMain [main] (StartupInfoLogger.java:50) INFO  --> Starting AdminAppMain on LAPTOP-ILE10CHG with PID 14860 (G:\workSpaceForIDEA\mall-li\mall-admin\target\classes started by 有之君 in G:\workSpaceForIDEA\mall-li)
2019-10-07 12:01:28,244 com.anglia.mall.AdminAppMain [main] (SpringApplication.java:648) INFO  --> No active profile set, falling back to default profiles: default
2019-10-07 12:01:29,384 org.springframework.context.support.PostProcessorRegistrationDelegate$BeanPostProcessorChecker [main] (PostProcessorRegistrationDelegate.java:330) INFO  --> Bean 'org.springframework.transaction.annotation.ProxyTransactionManagementConfiguration' of type [org.springframework.transaction.annotation.ProxyTransactionManagementConfiguration$$EnhancerBySpringCGLIB$$bf8411c] is not eligible for getting processed by all BeanPostProcessors (for example: not eligible for auto-proxying)
2019-10-07 12:01:29,625 org.springframework.boot.web.embedded.tomcat.TomcatWebServer [main] (TomcatWebServer.java:90) INFO  --> Tomcat initialized with port(s): 8080 (http)
2019-10-07 12:01:30,837 org.springframework.web.context.ContextLoader [main] (ServletWebServerApplicationContext.java:284) INFO  --> Root WebApplicationContext: initialization completed in 2559 ms
2019-10-07 12:01:30,847 com.anglia.mall.config.DruidConfig [main] (DruidConfig.java:130) INFO  --> 配置访问监控的servlet信息
2019-10-07 12:01:30,851 com.anglia.mall.config.DruidConfig [main] (DruidConfig.java:142) INFO  --> 配置访问监控的servlet信息完毕
2019-10-07 12:01:30,853 com.anglia.mall.config.DruidConfig [main] (DruidConfig.java:152) INFO  --> 配置监控的过滤器信息
2019-10-07 12:01:30,856 com.anglia.mall.config.DruidConfig [main] (DruidConfig.java:158) INFO  --> 配置监控的过滤器完毕
2019-10-07 12:01:30,939 com.anglia.mall.config.DruidConfig [main] (DruidConfig.java:91) INFO  --> 开始加载DruidDataSource信息
2019-10-07 12:01:30,958 com.anglia.mall.config.DruidConfig [main] (DruidConfig.java:118) INFO  --> 加载DruidDataSource信息完毕
2019-10-07 12:01:32,244 springfox.documentation.spring.web.PropertySourcedRequestMappingHandlerMapping [main] (PropertySourcedRequestMappingHandlerMapping.java:69) INFO  --> Mapped URL path [/v2/api-docs] onto method [public org.springframework.http.ResponseEntity<springfox.documentation.spring.web.json.Json> springfox.documentation.swagger2.web.Swagger2Controller.getDocumentation(java.lang.String,javax.servlet.http.HttpServletRequest)]
2019-10-07 12:01:32,353 org.springframework.scheduling.concurrent.ThreadPoolTaskExecutor [main] (ExecutorConfigurationSupport.java:171) INFO  --> Initializing ExecutorService 'applicationTaskExecutor'
2019-10-07 12:01:32,543 springfox.documentation.spring.web.plugins.DocumentationPluginsBootstrapper [main] (DocumentationPluginsBootstrapper.java:147) INFO  --> Context refreshed
2019-10-07 12:01:32,562 springfox.documentation.spring.web.plugins.DocumentationPluginsBootstrapper [main] (DocumentationPluginsBootstrapper.java:150) INFO  --> Found 1 custom documentation plugin(s)
2019-10-07 12:01:32,593 springfox.documentation.spring.web.scanners.ApiListingReferenceScanner [main] (ApiListingReferenceScanner.java:41) INFO  --> Scanning for api listing references
2019-10-07 12:01:32,758 org.springframework.boot.web.embedded.tomcat.TomcatWebServer [main] (TomcatWebServer.java:202) INFO  --> Tomcat started on port(s): 8080 (http) with context path ''
2019-10-07 12:01:32,761 com.anglia.mall.AdminAppMain [main] (StartupInfoLogger.java:59) INFO  --> Started AdminAppMain in 4.827 seconds (JVM running for 6.371)
2019-10-07 12:01:43,181 org.springframework.web.servlet.DispatcherServlet [http-nio-8080-exec-1] (FrameworkServlet.java:524) INFO  --> Initializing Servlet 'dispatcherServlet'
2019-10-07 12:01:43,192 org.springframework.web.servlet.DispatcherServlet [http-nio-8080-exec-1] (FrameworkServlet.java:546) INFO  --> Completed initialization in 11 ms
2019-10-07 12:01:48,681 com.alibaba.druid.pool.DruidDataSource [http-nio-8080-exec-1] (DruidDataSource.java:1003) INFO  --> {dataSource-1} inited
