2019-10-06 20:44:11,793 org.hibernate.validator.internal.util.Version [background-preinit] (Version.java:21) INFO  --> HV000001: Hibernate Validator 6.0.17.Final
2019-10-06 20:44:12,298 org.springframework.boot.SpringApplication [main] (SpringApplication.java:823) ERROR --> Application run failed
java.lang.IllegalStateException: java.io.FileNotFoundException: class path resource [/log4j.properties] cannot be resolved to URL because it does not exist
	at org.springframework.boot.context.logging.LoggingApplicationListener.initializeSystem(LoggingApplicationListener.java:301)
	at org.springframework.boot.context.logging.LoggingApplicationListener.initialize(LoggingApplicationListener.java:264)
	at org.springframework.boot.context.logging.LoggingApplicationListener.onApplicationEnvironmentPreparedEvent(LoggingApplicationListener.java:226)
	at org.springframework.boot.context.logging.LoggingApplicationListener.onApplicationEvent(LoggingApplicationListener.java:203)
	at org.springframework.context.event.SimpleApplicationEventMulticaster.doInvokeListener(SimpleApplicationEventMulticaster.java:172)
	at org.springframework.context.event.SimpleApplicationEventMulticaster.invokeListener(SimpleApplicationEventMulticaster.java:165)
	at org.springframework.context.event.SimpleApplicationEventMulticaster.multicastEvent(SimpleApplicationEventMulticaster.java:139)
	at org.springframework.context.event.SimpleApplicationEventMulticaster.multicastEvent(SimpleApplicationEventMulticaster.java:127)
	at org.springframework.boot.context.event.EventPublishingRunListener.environmentPrepared(EventPublishingRunListener.java:76)
	at org.springframework.boot.SpringApplicationRunListeners.environmentPrepared(SpringApplicationRunListeners.java:53)
	at org.springframework.boot.SpringApplication.prepareEnvironment(SpringApplication.java:342)
	at org.springframework.boot.SpringApplication.run(SpringApplication.java:305)
	at org.springframework.boot.SpringApplication.run(SpringApplication.java:1215)
	at org.springframework.boot.SpringApplication.run(SpringApplication.java:1204)
	at com.anglia.mall.AdminAppMain.main(AdminAppMain.java:11)
Caused by: java.io.FileNotFoundException: class path resource [/log4j.properties] cannot be resolved to URL because it does not exist
	at org.springframework.util.ResourceUtils.getURL(ResourceUtils.java:137)
	at org.springframework.boot.context.logging.LoggingApplicationListener.initializeSystem(LoggingApplicationListener.java:293)
	... 14 more
2019-10-06 20:45:56,332 org.hibernate.validator.internal.util.Version [background-preinit] (Version.java:21) INFO  --> HV000001: Hibernate Validator 6.0.17.Final
2019-10-06 20:45:56,770 org.springframework.boot.SpringApplication [main] (SpringApplication.java:823) ERROR --> Application run failed
java.lang.IllegalStateException: java.io.FileNotFoundException: class path resource [/log4j.properties] cannot be resolved to URL because it does not exist
	at org.springframework.boot.context.logging.LoggingApplicationListener.initializeSystem(LoggingApplicationListener.java:301)
	at org.springframework.boot.context.logging.LoggingApplicationListener.initialize(LoggingApplicationListener.java:264)
	at org.springframework.boot.context.logging.LoggingApplicationListener.onApplicationEnvironmentPreparedEvent(LoggingApplicationListener.java:226)
	at org.springframework.boot.context.logging.LoggingApplicationListener.onApplicationEvent(LoggingApplicationListener.java:203)
	at org.springframework.context.event.SimpleApplicationEventMulticaster.doInvokeListener(SimpleApplicationEventMulticaster.java:172)
	at org.springframework.context.event.SimpleApplicationEventMulticaster.invokeListener(SimpleApplicationEventMulticaster.java:165)
	at org.springframework.context.event.SimpleApplicationEventMulticaster.multicastEvent(SimpleApplicationEventMulticaster.java:139)
	at org.springframework.context.event.SimpleApplicationEventMulticaster.multicastEvent(SimpleApplicationEventMulticaster.java:127)
	at org.springframework.boot.context.event.EventPublishingRunListener.environmentPrepared(EventPublishingRunListener.java:76)
	at org.springframework.boot.SpringApplicationRunListeners.environmentPrepared(SpringApplicationRunListeners.java:53)
	at org.springframework.boot.SpringApplication.prepareEnvironment(SpringApplication.java:342)
	at org.springframework.boot.SpringApplication.run(SpringApplication.java:305)
	at org.springframework.boot.SpringApplication.run(SpringApplication.java:1215)
	at org.springframework.boot.SpringApplication.run(SpringApplication.java:1204)
	at com.anglia.mall.AdminAppMain.main(AdminAppMain.java:11)
Caused by: java.io.FileNotFoundException: class path resource [/log4j.properties] cannot be resolved to URL because it does not exist
	at org.springframework.util.ResourceUtils.getURL(ResourceUtils.java:137)
	at org.springframework.boot.context.logging.LoggingApplicationListener.initializeSystem(LoggingApplicationListener.java:293)
	... 14 more
2019-10-06 20:46:31,121 org.hibernate.validator.internal.util.Version [background-preinit] (Version.java:21) INFO  --> HV000001: Hibernate Validator 6.0.17.Final
2019-10-06 20:46:31,562 org.springframework.boot.SpringApplication [main] (SpringApplication.java:823) ERROR --> Application run failed
java.lang.IllegalStateException: java.io.FileNotFoundException: class path resource [/log4j.properties] cannot be resolved to URL because it does not exist
	at org.springframework.boot.context.logging.LoggingApplicationListener.initializeSystem(LoggingApplicationListener.java:301)
	at org.springframework.boot.context.logging.LoggingApplicationListener.initialize(LoggingApplicationListener.java:264)
	at org.springframework.boot.context.logging.LoggingApplicationListener.onApplicationEnvironmentPreparedEvent(LoggingApplicationListener.java:226)
	at org.springframework.boot.context.logging.LoggingApplicationListener.onApplicationEvent(LoggingApplicationListener.java:203)
	at org.springframework.context.event.SimpleApplicationEventMulticaster.doInvokeListener(SimpleApplicationEventMulticaster.java:172)
	at org.springframework.context.event.SimpleApplicationEventMulticaster.invokeListener(SimpleApplicationEventMulticaster.java:165)
	at org.springframework.context.event.SimpleApplicationEventMulticaster.multicastEvent(SimpleApplicationEventMulticaster.java:139)
	at org.springframework.context.event.SimpleApplicationEventMulticaster.multicastEvent(SimpleApplicationEventMulticaster.java:127)
	at org.springframework.boot.context.event.EventPublishingRunListener.environmentPrepared(EventPublishingRunListener.java:76)
	at org.springframework.boot.SpringApplicationRunListeners.environmentPrepared(SpringApplicationRunListeners.java:53)
	at org.springframework.boot.SpringApplication.prepareEnvironment(SpringApplication.java:342)
	at org.springframework.boot.SpringApplication.run(SpringApplication.java:305)
	at org.springframework.boot.SpringApplication.run(SpringApplication.java:1215)
	at org.springframework.boot.SpringApplication.run(SpringApplication.java:1204)
	at com.anglia.mall.AdminAppMain.main(AdminAppMain.java:11)
Caused by: java.io.FileNotFoundException: class path resource [/log4j.properties] cannot be resolved to URL because it does not exist
	at org.springframework.util.ResourceUtils.getURL(ResourceUtils.java:137)
	at org.springframework.boot.context.logging.LoggingApplicationListener.initializeSystem(LoggingApplicationListener.java:293)
	... 14 more
2019-10-06 20:48:15,018 org.hibernate.validator.internal.util.Version [background-preinit] (Version.java:21) INFO  --> HV000001: Hibernate Validator 6.0.17.Final
2019-10-06 20:48:15,462 org.springframework.boot.SpringApplication [main] (SpringApplication.java:823) ERROR --> Application run failed
java.lang.IllegalStateException: java.io.FileNotFoundException: class path resource [/log4j.properties] cannot be resolved to URL because it does not exist
	at org.springframework.boot.context.logging.LoggingApplicationListener.initializeSystem(LoggingApplicationListener.java:301)
	at org.springframework.boot.context.logging.LoggingApplicationListener.initialize(LoggingApplicationListener.java:264)
	at org.springframework.boot.context.logging.LoggingApplicationListener.onApplicationEnvironmentPreparedEvent(LoggingApplicationListener.java:226)
	at org.springframework.boot.context.logging.LoggingApplicationListener.onApplicationEvent(LoggingApplicationListener.java:203)
	at org.springframework.context.event.SimpleApplicationEventMulticaster.doInvokeListener(SimpleApplicationEventMulticaster.java:172)
	at org.springframework.context.event.SimpleApplicationEventMulticaster.invokeListener(SimpleApplicationEventMulticaster.java:165)
	at org.springframework.context.event.SimpleApplicationEventMulticaster.multicastEvent(SimpleApplicationEventMulticaster.java:139)
	at org.springframework.context.event.SimpleApplicationEventMulticaster.multicastEvent(SimpleApplicationEventMulticaster.java:127)
	at org.springframework.boot.context.event.EventPublishingRunListener.environmentPrepared(EventPublishingRunListener.java:76)
	at org.springframework.boot.SpringApplicationRunListeners.environmentPrepared(SpringApplicationRunListeners.java:53)
	at org.springframework.boot.SpringApplication.prepareEnvironment(SpringApplication.java:342)
	at org.springframework.boot.SpringApplication.run(SpringApplication.java:305)
	at org.springframework.boot.SpringApplication.run(SpringApplication.java:1215)
	at org.springframework.boot.SpringApplication.run(SpringApplication.java:1204)
	at com.anglia.mall.AdminAppMain.main(AdminAppMain.java:11)
Caused by: java.io.FileNotFoundException: class path resource [/log4j.properties] cannot be resolved to URL because it does not exist
	at org.springframework.util.ResourceUtils.getURL(ResourceUtils.java:137)
	at org.springframework.boot.context.logging.LoggingApplicationListener.initializeSystem(LoggingApplicationListener.java:293)
	... 14 more
2019-10-06 20:49:32,254 org.hibernate.validator.internal.util.Version [background-preinit] (Version.java:21) INFO  --> HV000001: Hibernate Validator 6.0.17.Final
2019-10-06 20:49:32,700 org.springframework.boot.SpringApplication [main] (SpringApplication.java:823) ERROR --> Application run failed
java.lang.IllegalStateException: java.io.FileNotFoundException: G:\workSpaceForIDEA\mall-li\classpath*:\log4j.properties (文件名、目录名或卷标语法不正确。)
	at org.springframework.boot.context.logging.LoggingApplicationListener.initializeSystem(LoggingApplicationListener.java:301)
	at org.springframework.boot.context.logging.LoggingApplicationListener.initialize(LoggingApplicationListener.java:264)
	at org.springframework.boot.context.logging.LoggingApplicationListener.onApplicationEnvironmentPreparedEvent(LoggingApplicationListener.java:226)
	at org.springframework.boot.context.logging.LoggingApplicationListener.onApplicationEvent(LoggingApplicationListener.java:203)
	at org.springframework.context.event.SimpleApplicationEventMulticaster.doInvokeListener(SimpleApplicationEventMulticaster.java:172)
	at org.springframework.context.event.SimpleApplicationEventMulticaster.invokeListener(SimpleApplicationEventMulticaster.java:165)
	at org.springframework.context.event.SimpleApplicationEventMulticaster.multicastEvent(SimpleApplicationEventMulticaster.java:139)
	at org.springframework.context.event.SimpleApplicationEventMulticaster.multicastEvent(SimpleApplicationEventMulticaster.java:127)
	at org.springframework.boot.context.event.EventPublishingRunListener.environmentPrepared(EventPublishingRunListener.java:76)
	at org.springframework.boot.SpringApplicationRunListeners.environmentPrepared(SpringApplicationRunListeners.java:53)
	at org.springframework.boot.SpringApplication.prepareEnvironment(SpringApplication.java:342)
	at org.springframework.boot.SpringApplication.run(SpringApplication.java:305)
	at org.springframework.boot.SpringApplication.run(SpringApplication.java:1215)
	at org.springframework.boot.SpringApplication.run(SpringApplication.java:1204)
	at com.anglia.mall.AdminAppMain.main(AdminAppMain.java:11)
Caused by: java.io.FileNotFoundException: G:\workSpaceForIDEA\mall-li\classpath*:\log4j.properties (文件名、目录名或卷标语法不正确。)
	at java.io.FileInputStream.open0(Native Method)
	at java.io.FileInputStream.open(FileInputStream.java:195)
	at java.io.FileInputStream.<init>(FileInputStream.java:138)
	at java.io.FileInputStream.<init>(FileInputStream.java:93)
	at sun.net.www.protocol.file.FileURLConnection.connect(FileURLConnection.java:90)
	at sun.net.www.protocol.file.FileURLConnection.getInputStream(FileURLConnection.java:188)
	at java.net.URL.openStream(URL.java:1045)
	at org.springframework.boot.context.logging.LoggingApplicationListener.initializeSystem(LoggingApplicationListener.java:293)
	... 14 more
2019-10-06 20:50:01,625 org.hibernate.validator.internal.util.Version [background-preinit] (Version.java:21) INFO  --> HV000001: Hibernate Validator 6.0.17.Final
2019-10-06 20:50:02,034 org.springframework.boot.SpringApplication [main] (SpringApplication.java:823) ERROR --> Application run failed
java.lang.IllegalStateException: java.io.FileNotFoundException: class path resource [/log4j.properties] cannot be resolved to URL because it does not exist
	at org.springframework.boot.context.logging.LoggingApplicationListener.initializeSystem(LoggingApplicationListener.java:301)
	at org.springframework.boot.context.logging.LoggingApplicationListener.initialize(LoggingApplicationListener.java:264)
	at org.springframework.boot.context.logging.LoggingApplicationListener.onApplicationEnvironmentPreparedEvent(LoggingApplicationListener.java:226)
	at org.springframework.boot.context.logging.LoggingApplicationListener.onApplicationEvent(LoggingApplicationListener.java:203)
	at org.springframework.context.event.SimpleApplicationEventMulticaster.doInvokeListener(SimpleApplicationEventMulticaster.java:172)
	at org.springframework.context.event.SimpleApplicationEventMulticaster.invokeListener(SimpleApplicationEventMulticaster.java:165)
	at org.springframework.context.event.SimpleApplicationEventMulticaster.multicastEvent(SimpleApplicationEventMulticaster.java:139)
	at org.springframework.context.event.SimpleApplicationEventMulticaster.multicastEvent(SimpleApplicationEventMulticaster.java:127)
	at org.springframework.boot.context.event.EventPublishingRunListener.environmentPrepared(EventPublishingRunListener.java:76)
	at org.springframework.boot.SpringApplicationRunListeners.environmentPrepared(SpringApplicationRunListeners.java:53)
	at org.springframework.boot.SpringApplication.prepareEnvironment(SpringApplication.java:342)
	at org.springframework.boot.SpringApplication.run(SpringApplication.java:305)
	at org.springframework.boot.SpringApplication.run(SpringApplication.java:1215)
	at org.springframework.boot.SpringApplication.run(SpringApplication.java:1204)
	at com.anglia.mall.AdminAppMain.main(AdminAppMain.java:11)
Caused by: java.io.FileNotFoundException: class path resource [/log4j.properties] cannot be resolved to URL because it does not exist
	at org.springframework.util.ResourceUtils.getURL(ResourceUtils.java:137)
	at org.springframework.boot.context.logging.LoggingApplicationListener.initializeSystem(LoggingApplicationListener.java:293)
	... 14 more
2019-10-06 20:55:32,274 org.hibernate.validator.internal.util.Version [background-preinit] (Version.java:21) INFO  --> HV000001: Hibernate Validator 6.0.17.Final
2019-10-06 20:55:32,701 org.springframework.boot.SpringApplication [main] (SpringApplication.java:823) ERROR --> Application run failed
java.lang.IllegalStateException: java.io.FileNotFoundException: class path resource [/log4j.properties] cannot be resolved to URL because it does not exist
	at org.springframework.boot.context.logging.LoggingApplicationListener.initializeSystem(LoggingApplicationListener.java:301)
	at org.springframework.boot.context.logging.LoggingApplicationListener.initialize(LoggingApplicationListener.java:264)
	at org.springframework.boot.context.logging.LoggingApplicationListener.onApplicationEnvironmentPreparedEvent(LoggingApplicationListener.java:226)
	at org.springframework.boot.context.logging.LoggingApplicationListener.onApplicationEvent(LoggingApplicationListener.java:203)
	at org.springframework.context.event.SimpleApplicationEventMulticaster.doInvokeListener(SimpleApplicationEventMulticaster.java:172)
	at org.springframework.context.event.SimpleApplicationEventMulticaster.invokeListener(SimpleApplicationEventMulticaster.java:165)
	at org.springframework.context.event.SimpleApplicationEventMulticaster.multicastEvent(SimpleApplicationEventMulticaster.java:139)
	at org.springframework.context.event.SimpleApplicationEventMulticaster.multicastEvent(SimpleApplicationEventMulticaster.java:127)
	at org.springframework.boot.context.event.EventPublishingRunListener.environmentPrepared(EventPublishingRunListener.java:76)
	at org.springframework.boot.SpringApplicationRunListeners.environmentPrepared(SpringApplicationRunListeners.java:53)
	at org.springframework.boot.SpringApplication.prepareEnvironment(SpringApplication.java:342)
	at org.springframework.boot.SpringApplication.run(SpringApplication.java:305)
	at org.springframework.boot.SpringApplication.run(SpringApplication.java:1215)
	at org.springframework.boot.SpringApplication.run(SpringApplication.java:1204)
	at com.anglia.mall.AdminAppMain.main(AdminAppMain.java:11)
Caused by: java.io.FileNotFoundException: class path resource [/log4j.properties] cannot be resolved to URL because it does not exist
	at org.springframework.util.ResourceUtils.getURL(ResourceUtils.java:137)
	at org.springframework.boot.context.logging.LoggingApplicationListener.initializeSystem(LoggingApplicationListener.java:293)
	... 14 more
2019-10-06 20:58:22,499 org.hibernate.validator.internal.util.Version [background-preinit] (Version.java:21) INFO  --> HV000001: Hibernate Validator 6.0.17.Final
2019-10-06 20:58:22,683 com.anglia.mall.AdminAppMain [main] (StartupInfoLogger.java:50) INFO  --> Starting AdminAppMain on LAPTOP-ILE10CHG with PID 19380 (G:\workSpaceForIDEA\mall-li\mall-admin\target\classes started by 有之君 in G:\workSpaceForIDEA\mall-li)
2019-10-06 20:58:22,684 com.anglia.mall.AdminAppMain [main] (SpringApplication.java:648) INFO  --> No active profile set, falling back to default profiles: default
2019-10-06 20:58:23,172 org.mybatis.spring.mapper.ClassPathMapperScanner [main] (ClassPathMapperScanner.java:166) WARN  --> No MyBatis mapper was found in '[com.anglia.mall]' package. Please check your configuration.
2019-10-06 20:58:23,581 org.springframework.boot.web.embedded.tomcat.TomcatWebServer [main] (TomcatWebServer.java:90) INFO  --> Tomcat initialized with port(s): 8080 (http)
2019-10-06 20:58:24,758 org.springframework.web.context.ContextLoader [main] (ServletWebServerApplicationContext.java:284) INFO  --> Root WebApplicationContext: initialization completed in 2039 ms
2019-10-06 20:58:24,937 org.springframework.scheduling.concurrent.ThreadPoolTaskExecutor [main] (ExecutorConfigurationSupport.java:171) INFO  --> Initializing ExecutorService 'applicationTaskExecutor'
2019-10-06 20:58:25,029 com.alibaba.druid.spring.boot.autoconfigure.DruidDataSourceAutoConfigure [main] (DruidDataSourceAutoConfigure.java:56) INFO  --> Init DruidDataSource
2019-10-06 20:58:25,245 com.alibaba.druid.pool.DruidDataSource [main] (DruidDataSource.java:1003) INFO  --> {dataSource-1} inited
2019-10-06 20:58:25,467 org.springframework.boot.web.embedded.tomcat.TomcatWebServer [main] (TomcatWebServer.java:202) INFO  --> Tomcat started on port(s): 8080 (http) with context path ''
2019-10-06 20:58:25,470 com.anglia.mall.AdminAppMain [main] (StartupInfoLogger.java:59) INFO  --> Started AdminAppMain in 3.083 seconds (JVM running for 4.609)
2019-10-07 10:53:30,692 org.hibernate.validator.internal.util.Version [background-preinit] (Version.java:21) INFO  --> HV000001: Hibernate Validator 6.0.17.Final
2019-10-07 10:53:30,874 com.anglia.mall.AdminAppMain [main] (StartupInfoLogger.java:50) INFO  --> Starting AdminAppMain on LAPTOP-ILE10CHG with PID 16940 (G:\workSpaceForIDEA\mall-li\mall-admin\target\classes started by 有之君 in G:\workSpaceForIDEA\mall-li)
2019-10-07 10:53:30,875 com.anglia.mall.AdminAppMain [main] (SpringApplication.java:648) INFO  --> No active profile set, falling back to default profiles: default
2019-10-07 10:53:31,986 org.springframework.boot.web.embedded.tomcat.TomcatWebServer [main] (TomcatWebServer.java:90) INFO  --> Tomcat initialized with port(s): 8080 (http)
2019-10-07 10:53:33,197 org.springframework.web.context.ContextLoader [main] (ServletWebServerApplicationContext.java:284) INFO  --> Root WebApplicationContext: initialization completed in 2289 ms
2019-10-07 10:53:33,227 com.anglia.mall.config.DruidConfig [main] (DruidConfig.java:130) INFO  --> 配置访问监控的servlet信息
2019-10-07 10:53:33,232 com.anglia.mall.config.DruidConfig [main] (DruidConfig.java:142) INFO  --> 配置访问监控的servlet信息完毕
2019-10-07 10:53:33,234 com.anglia.mall.config.DruidConfig [main] (DruidConfig.java:152) INFO  --> 配置监控的过滤器信息
2019-10-07 10:53:33,237 com.anglia.mall.config.DruidConfig [main] (DruidConfig.java:158) INFO  --> 配置监控的过滤器完毕
2019-10-07 10:53:33,351 com.anglia.mall.config.DruidConfig [main] (DruidConfig.java:91) INFO  --> 开始加载DruidDataSource信息
2019-10-07 10:53:33,372 com.anglia.mall.config.DruidConfig [main] (DruidConfig.java:118) INFO  --> 加载DruidDataSource信息完毕
2019-10-07 10:53:33,634 org.springframework.scheduling.concurrent.ThreadPoolTaskExecutor [main] (ExecutorConfigurationSupport.java:171) INFO  --> Initializing ExecutorService 'applicationTaskExecutor'
2019-10-07 10:53:33,882 org.springframework.boot.web.embedded.tomcat.TomcatWebServer [main] (TomcatWebServer.java:202) INFO  --> Tomcat started on port(s): 8080 (http) with context path ''
2019-10-07 10:53:33,885 com.anglia.mall.AdminAppMain [main] (StartupInfoLogger.java:59) INFO  --> Started AdminAppMain in 3.305 seconds (JVM running for 5.131)
2019-10-07 10:54:21,681 org.springframework.web.servlet.DispatcherServlet [http-nio-8080-exec-1] (FrameworkServlet.java:524) INFO  --> Initializing Servlet 'dispatcherServlet'
2019-10-07 10:54:21,687 org.springframework.web.servlet.DispatcherServlet [http-nio-8080-exec-1] (FrameworkServlet.java:546) INFO  --> Completed initialization in 6 ms
2019-10-07 10:56:20,441 org.hibernate.validator.internal.util.Version [background-preinit] (Version.java:21) INFO  --> HV000001: Hibernate Validator 6.0.17.Final
2019-10-07 10:56:20,617 com.anglia.mall.AdminAppMain [main] (StartupInfoLogger.java:50) INFO  --> Starting AdminAppMain on LAPTOP-ILE10CHG with PID 7216 (G:\workSpaceForIDEA\mall-li\mall-admin\target\classes started by 有之君 in G:\workSpaceForIDEA\mall-li)
2019-10-07 10:56:20,618 com.anglia.mall.AdminAppMain [main] (SpringApplication.java:648) INFO  --> No active profile set, falling back to default profiles: default
2019-10-07 10:56:21,751 org.springframework.boot.web.embedded.tomcat.TomcatWebServer [main] (TomcatWebServer.java:90) INFO  --> Tomcat initialized with port(s): 8080 (http)
2019-10-07 10:56:22,934 org.springframework.web.context.ContextLoader [main] (ServletWebServerApplicationContext.java:284) INFO  --> Root WebApplicationContext: initialization completed in 2272 ms
2019-10-07 10:56:22,945 com.anglia.mall.config.DruidConfig [main] (DruidConfig.java:130) INFO  --> 配置访问监控的servlet信息
2019-10-07 10:56:22,949 com.anglia.mall.config.DruidConfig [main] (DruidConfig.java:142) INFO  --> 配置访问监控的servlet信息完毕
2019-10-07 10:56:22,951 com.anglia.mall.config.DruidConfig [main] (DruidConfig.java:152) INFO  --> 配置监控的过滤器信息
2019-10-07 10:56:22,953 com.anglia.mall.config.DruidConfig [main] (DruidConfig.java:158) INFO  --> 配置监控的过滤器完毕
2019-10-07 10:56:23,033 com.anglia.mall.config.DruidConfig [main] (DruidConfig.java:91) INFO  --> 开始加载DruidDataSource信息
2019-10-07 10:56:23,054 com.anglia.mall.config.DruidConfig [main] (DruidConfig.java:118) INFO  --> 加载DruidDataSource信息完毕
2019-10-07 10:56:23,305 org.springframework.scheduling.concurrent.ThreadPoolTaskExecutor [main] (ExecutorConfigurationSupport.java:171) INFO  --> Initializing ExecutorService 'applicationTaskExecutor'
2019-10-07 10:56:23,520 org.springframework.boot.web.embedded.tomcat.TomcatWebServer [main] (TomcatWebServer.java:202) INFO  --> Tomcat started on port(s): 8080 (http) with context path ''
2019-10-07 10:56:23,522 com.anglia.mall.AdminAppMain [main] (StartupInfoLogger.java:59) INFO  --> Started AdminAppMain in 3.217 seconds (JVM running for 4.746)
2019-10-07 10:57:46,928 org.springframework.web.servlet.DispatcherServlet [http-nio-8080-exec-1] (FrameworkServlet.java:524) INFO  --> Initializing Servlet 'dispatcherServlet'
2019-10-07 10:57:46,933 org.springframework.web.servlet.DispatcherServlet [http-nio-8080-exec-1] (FrameworkServlet.java:546) INFO  --> Completed initialization in 5 ms
2019-10-07 10:58:49,166 org.hibernate.validator.internal.util.Version [background-preinit] (Version.java:21) INFO  --> HV000001: Hibernate Validator 6.0.17.Final
2019-10-07 10:58:49,373 com.anglia.mall.AdminAppMain [main] (StartupInfoLogger.java:50) INFO  --> Starting AdminAppMain on LAPTOP-ILE10CHG with PID 11860 (G:\workSpaceForIDEA\mall-li\mall-admin\target\classes started by 有之君 in G:\workSpaceForIDEA\mall-li)
2019-10-07 10:58:49,374 com.anglia.mall.AdminAppMain [main] (SpringApplication.java:648) INFO  --> No active profile set, falling back to default profiles: default
2019-10-07 10:58:50,697 org.springframework.boot.web.embedded.tomcat.TomcatWebServer [main] (TomcatWebServer.java:90) INFO  --> Tomcat initialized with port(s): 8080 (http)
2019-10-07 10:58:51,926 org.springframework.web.context.ContextLoader [main] (ServletWebServerApplicationContext.java:284) INFO  --> Root WebApplicationContext: initialization completed in 2506 ms
2019-10-07 10:58:51,938 com.anglia.mall.config.DruidConfig [main] (DruidConfig.java:130) INFO  --> 配置访问监控的servlet信息
2019-10-07 10:58:51,944 com.anglia.mall.config.DruidConfig [main] (DruidConfig.java:142) INFO  --> 配置访问监控的servlet信息完毕
2019-10-07 10:58:51,946 com.anglia.mall.config.DruidConfig [main] (DruidConfig.java:152) INFO  --> 配置监控的过滤器信息
2019-10-07 10:58:51,950 com.anglia.mall.config.DruidConfig [main] (DruidConfig.java:158) INFO  --> 配置监控的过滤器完毕
2019-10-07 10:58:52,222 com.anglia.mall.config.DruidConfig [main] (DruidConfig.java:91) INFO  --> 开始加载DruidDataSource信息
2019-10-07 10:58:52,246 com.anglia.mall.config.DruidConfig [main] (DruidConfig.java:118) INFO  --> 加载DruidDataSource信息完毕
2019-10-07 10:58:52,519 org.springframework.scheduling.concurrent.ThreadPoolTaskExecutor [main] (ExecutorConfigurationSupport.java:171) INFO  --> Initializing ExecutorService 'applicationTaskExecutor'
2019-10-07 10:58:52,790 org.springframework.boot.web.embedded.tomcat.TomcatWebServer [main] (TomcatWebServer.java:202) INFO  --> Tomcat started on port(s): 8080 (http) with context path ''
2019-10-07 10:58:52,796 com.anglia.mall.AdminAppMain [main] (StartupInfoLogger.java:59) INFO  --> Started AdminAppMain in 3.81 seconds (JVM running for 6.496)
2019-10-07 10:59:02,096 org.springframework.web.servlet.DispatcherServlet [http-nio-8080-exec-1] (FrameworkServlet.java:524) INFO  --> Initializing Servlet 'dispatcherServlet'
2019-10-07 10:59:02,104 org.springframework.web.servlet.DispatcherServlet [http-nio-8080-exec-1] (FrameworkServlet.java:546) INFO  --> Completed initialization in 8 ms
2019-10-07 11:01:02,197 org.springframework.scheduling.concurrent.ThreadPoolTaskExecutor [Thread-9] (ExecutorConfigurationSupport.java:208) INFO  --> Shutting down ExecutorService 'applicationTaskExecutor'
2019-10-07 11:01:02,198 com.alibaba.druid.pool.DruidDataSource [Thread-9] (DruidDataSource.java:1965) INFO  --> {dataSource-0} closing ...
2019-10-07 11:01:16,169 org.hibernate.validator.internal.util.Version [background-preinit] (Version.java:21) INFO  --> HV000001: Hibernate Validator 6.0.17.Final
2019-10-07 11:01:16,401 com.anglia.mall.AdminAppMain [main] (StartupInfoLogger.java:50) INFO  --> Starting AdminAppMain on LAPTOP-ILE10CHG with PID 16812 (G:\workSpaceForIDEA\mall-li\mall-admin\target\classes started by 有之君 in G:\workSpaceForIDEA\mall-li)
2019-10-07 11:01:16,402 com.anglia.mall.AdminAppMain [main] (SpringApplication.java:648) INFO  --> No active profile set, falling back to default profiles: default
2019-10-07 11:01:17,808 org.springframework.boot.web.embedded.tomcat.TomcatWebServer [main] (TomcatWebServer.java:90) INFO  --> Tomcat initialized with port(s): 8080 (http)
2019-10-07 11:01:19,033 org.springframework.web.context.ContextLoader [main] (ServletWebServerApplicationContext.java:284) INFO  --> Root WebApplicationContext: initialization completed in 2581 ms
2019-10-07 11:01:19,045 com.anglia.mall.config.DruidConfig [main] (DruidConfig.java:130) INFO  --> 配置访问监控的servlet信息
2019-10-07 11:01:19,050 com.anglia.mall.config.DruidConfig [main] (DruidConfig.java:142) INFO  --> 配置访问监控的servlet信息完毕
2019-10-07 11:01:19,053 com.anglia.mall.config.DruidConfig [main] (DruidConfig.java:152) INFO  --> 配置监控的过滤器信息
2019-10-07 11:01:19,056 com.anglia.mall.config.DruidConfig [main] (DruidConfig.java:158) INFO  --> 配置监控的过滤器完毕
2019-10-07 11:01:19,168 com.anglia.mall.config.DruidConfig [main] (DruidConfig.java:91) INFO  --> 开始加载DruidDataSource信息
2019-10-07 11:01:19,189 com.anglia.mall.config.DruidConfig [main] (DruidConfig.java:118) INFO  --> 加载DruidDataSource信息完毕
2019-10-07 11:01:19,464 org.springframework.scheduling.concurrent.ThreadPoolTaskExecutor [main] (ExecutorConfigurationSupport.java:171) INFO  --> Initializing ExecutorService 'applicationTaskExecutor'
2019-10-07 11:01:19,764 org.springframework.boot.web.embedded.tomcat.TomcatWebServer [main] (TomcatWebServer.java:202) INFO  --> Tomcat started on port(s): 8080 (http) with context path ''
2019-10-07 11:01:19,768 com.anglia.mall.AdminAppMain [main] (StartupInfoLogger.java:59) INFO  --> Started AdminAppMain in 3.765 seconds (JVM running for 5.517)
2019-10-07 11:01:46,901 org.springframework.web.servlet.DispatcherServlet [http-nio-8080-exec-1] (FrameworkServlet.java:524) INFO  --> Initializing Servlet 'dispatcherServlet'
2019-10-07 11:01:46,907 org.springframework.web.servlet.DispatcherServlet [http-nio-8080-exec-1] (FrameworkServlet.java:546) INFO  --> Completed initialization in 6 ms
2019-10-07 11:02:48,407 org.springframework.scheduling.concurrent.ThreadPoolTaskExecutor [Thread-9] (ExecutorConfigurationSupport.java:208) INFO  --> Shutting down ExecutorService 'applicationTaskExecutor'
2019-10-07 11:02:48,408 com.alibaba.druid.pool.DruidDataSource [Thread-9] (DruidDataSource.java:1965) INFO  --> {dataSource-0} closing ...
2019-10-07 11:08:59,822 org.hibernate.validator.internal.util.Version [background-preinit] (Version.java:21) INFO  --> HV000001: Hibernate Validator 6.0.17.Final
2019-10-07 11:09:00,022 com.anglia.mall.AdminAppMain [main] (StartupInfoLogger.java:50) INFO  --> Starting AdminAppMain on LAPTOP-ILE10CHG with PID 14504 (G:\workSpaceForIDEA\mall-li\mall-admin\target\classes started by 有之君 in G:\workSpaceForIDEA\mall-li)
2019-10-07 11:09:00,024 com.anglia.mall.AdminAppMain [main] (SpringApplication.java:648) INFO  --> No active profile set, falling back to default profiles: default
2019-10-07 11:09:01,223 org.springframework.boot.web.embedded.tomcat.TomcatWebServer [main] (TomcatWebServer.java:90) INFO  --> Tomcat initialized with port(s): 8080 (http)
2019-10-07 11:09:02,416 org.springframework.web.context.ContextLoader [main] (ServletWebServerApplicationContext.java:284) INFO  --> Root WebApplicationContext: initialization completed in 2347 ms
2019-10-07 11:09:02,426 com.anglia.mall.config.DruidConfig [main] (DruidConfig.java:130) INFO  --> 配置访问监控的servlet信息
2019-10-07 11:09:02,430 com.anglia.mall.config.DruidConfig [main] (DruidConfig.java:142) INFO  --> 配置访问监控的servlet信息完毕
2019-10-07 11:09:02,432 com.anglia.mall.config.DruidConfig [main] (DruidConfig.java:152) INFO  --> 配置监控的过滤器信息
2019-10-07 11:09:02,433 com.anglia.mall.config.DruidConfig [main] (DruidConfig.java:158) INFO  --> 配置监控的过滤器完毕
2019-10-07 11:09:02,514 com.anglia.mall.config.DruidConfig [main] (DruidConfig.java:91) INFO  --> 开始加载DruidDataSource信息
2019-10-07 11:09:02,534 com.anglia.mall.config.DruidConfig [main] (DruidConfig.java:118) INFO  --> 加载DruidDataSource信息完毕
2019-10-07 11:09:03,659 org.springframework.scheduling.concurrent.ThreadPoolTaskExecutor [main] (ExecutorConfigurationSupport.java:171) INFO  --> Initializing ExecutorService 'applicationTaskExecutor'
2019-10-07 11:09:03,997 org.springframework.boot.web.embedded.tomcat.TomcatWebServer [main] (TomcatWebServer.java:202) INFO  --> Tomcat started on port(s): 8080 (http) with context path ''
2019-10-07 11:09:04,000 com.anglia.mall.AdminAppMain [main] (StartupInfoLogger.java:59) INFO  --> Started AdminAppMain in 4.289 seconds (JVM running for 5.887)
2019-10-07 11:09:09,887 org.springframework.web.servlet.DispatcherServlet [http-nio-8080-exec-1] (FrameworkServlet.java:524) INFO  --> Initializing Servlet 'dispatcherServlet'
2019-10-07 11:09:09,896 org.springframework.web.servlet.DispatcherServlet [http-nio-8080-exec-1] (FrameworkServlet.java:546) INFO  --> Completed initialization in 9 ms
2019-10-07 11:11:15,643 org.hibernate.validator.internal.util.Version [background-preinit] (Version.java:21) INFO  --> HV000001: Hibernate Validator 6.0.17.Final
2019-10-07 11:11:15,806 com.anglia.mall.AdminAppMain [main] (StartupInfoLogger.java:50) INFO  --> Starting AdminAppMain on LAPTOP-ILE10CHG with PID 8516 (G:\workSpaceForIDEA\mall-li\mall-admin\target\classes started by 有之君 in G:\workSpaceForIDEA\mall-li)
2019-10-07 11:11:15,806 com.anglia.mall.AdminAppMain [main] (SpringApplication.java:648) INFO  --> No active profile set, falling back to default profiles: default
2019-10-07 11:11:16,896 org.springframework.boot.web.embedded.tomcat.TomcatWebServer [main] (TomcatWebServer.java:90) INFO  --> Tomcat initialized with port(s): 8080 (http)
2019-10-07 11:11:18,081 org.springframework.web.context.ContextLoader [main] (ServletWebServerApplicationContext.java:284) INFO  --> Root WebApplicationContext: initialization completed in 2243 ms
2019-10-07 11:11:18,091 com.anglia.mall.config.DruidConfig [main] (DruidConfig.java:130) INFO  --> 配置访问监控的servlet信息
2019-10-07 11:11:18,095 com.anglia.mall.config.DruidConfig [main] (DruidConfig.java:142) INFO  --> 配置访问监控的servlet信息完毕
2019-10-07 11:11:18,097 com.anglia.mall.config.DruidConfig [main] (DruidConfig.java:152) INFO  --> 配置监控的过滤器信息
2019-10-07 11:11:18,100 com.anglia.mall.config.DruidConfig [main] (DruidConfig.java:158) INFO  --> 配置监控的过滤器完毕
2019-10-07 11:11:18,185 com.anglia.mall.config.DruidConfig [main] (DruidConfig.java:91) INFO  --> 开始加载DruidDataSource信息
2019-10-07 11:11:18,206 com.anglia.mall.config.DruidConfig [main] (DruidConfig.java:118) INFO  --> 加载DruidDataSource信息完毕
2019-10-07 11:11:19,119 org.mybatis.spring.mapper.MapperFactoryBean [main] (MapperFactoryBean.java:82) ERROR --> Error while adding the mapper 'interface com.anglia.mall.mapper.PmsBrandMapper' to configuration.
org.apache.ibatis.builder.BuilderException: Error parsing Mapper XML. The XML location is 'com/anglia/mall/mapper/PmsBrandMapper.xml'. Cause: org.apache.ibatis.builder.BuilderException: Wrong namespace. Expected 'com.anglia.mall.mapper.PmsBrandMapper' but found 'com.anglia.mall.mapper.PmsBrandService'.
	at org.apache.ibatis.builder.xml.XMLMapperBuilder.configurationElement(XMLMapperBuilder.java:120)
	at org.apache.ibatis.builder.xml.XMLMapperBuilder.parse(XMLMapperBuilder.java:92)
	at org.apache.ibatis.builder.annotation.MapperAnnotationBuilder.loadXmlResource(MapperAnnotationBuilder.java:173)
	at org.apache.ibatis.builder.annotation.MapperAnnotationBuilder.parse(MapperAnnotationBuilder.java:124)
	at org.apache.ibatis.binding.MapperRegistry.addMapper(MapperRegistry.java:72)
	at org.apache.ibatis.session.Configuration.addMapper(Configuration.java:741)
	at org.mybatis.spring.mapper.MapperFactoryBean.checkDaoConfig(MapperFactoryBean.java:80)
	at org.springframework.dao.support.DaoSupport.afterPropertiesSet(DaoSupport.java:44)
	at org.springframework.beans.factory.support.AbstractAutowireCapableBeanFactory.invokeInitMethods(AbstractAutowireCapableBeanFactory.java:1837)
	at org.springframework.beans.factory.support.AbstractAutowireCapableBeanFactory.initializeBean(AbstractAutowireCapableBeanFactory.java:1774)
	at org.springframework.beans.factory.support.AbstractAutowireCapableBeanFactory.doCreateBean(AbstractAutowireCapableBeanFactory.java:593)
	at org.springframework.beans.factory.support.AbstractAutowireCapableBeanFactory.createBean(AbstractAutowireCapableBeanFactory.java:515)
	at org.springframework.beans.factory.support.AbstractBeanFactory.lambda$doGetBean$0(AbstractBeanFactory.java:320)
	at org.springframework.beans.factory.support.DefaultSingletonBeanRegistry.getSingleton(DefaultSingletonBeanRegistry.java:222)
	at org.springframework.beans.factory.support.AbstractBeanFactory.doGetBean(AbstractBeanFactory.java:318)
	at org.springframework.beans.factory.support.AbstractBeanFactory.getBean(AbstractBeanFactory.java:199)
	at org.springframework.beans.factory.config.DependencyDescriptor.resolveCandidate(DependencyDescriptor.java:277)
	at org.springframework.beans.factory.support.DefaultListableBeanFactory.doResolveDependency(DefaultListableBeanFactory.java:1251)
	at org.springframework.beans.factory.support.DefaultListableBeanFactory.resolveDependency(DefaultListableBeanFactory.java:1171)
	at org.springframework.beans.factory.annotation.AutowiredAnnotationBeanPostProcessor$AutowiredFieldElement.inject(AutowiredAnnotationBeanPostProcessor.java:593)
	at org.springframework.beans.factory.annotation.InjectionMetadata.inject(InjectionMetadata.java:90)
	at org.springframework.beans.factory.annotation.AutowiredAnnotationBeanPostProcessor.postProcessProperties(AutowiredAnnotationBeanPostProcessor.java:374)
	at org.springframework.beans.factory.support.AbstractAutowireCapableBeanFactory.populateBean(AbstractAutowireCapableBeanFactory.java:1411)
	at org.springframework.beans.factory.support.AbstractAutowireCapableBeanFactory.doCreateBean(AbstractAutowireCapableBeanFactory.java:592)
	at org.springframework.beans.factory.support.AbstractAutowireCapableBeanFactory.createBean(AbstractAutowireCapableBeanFactory.java:515)
	at org.springframework.beans.factory.support.AbstractBeanFactory.lambda$doGetBean$0(AbstractBeanFactory.java:320)
	at org.springframework.beans.factory.support.DefaultSingletonBeanRegistry.getSingleton(DefaultSingletonBeanRegistry.java:222)
	at org.springframework.beans.factory.support.AbstractBeanFactory.doGetBean(AbstractBeanFactory.java:318)
	at org.springframework.beans.factory.support.AbstractBeanFactory.getBean(AbstractBeanFactory.java:199)
	at org.springframework.beans.factory.config.DependencyDescriptor.resolveCandidate(DependencyDescriptor.java:277)
	at org.springframework.beans.factory.support.DefaultListableBeanFactory.doResolveDependency(DefaultListableBeanFactory.java:1251)
	at org.springframework.beans.factory.support.DefaultListableBeanFactory.resolveDependency(DefaultListableBeanFactory.java:1171)
	at org.springframework.beans.factory.annotation.AutowiredAnnotationBeanPostProcessor$AutowiredFieldElement.inject(AutowiredAnnotationBeanPostProcessor.java:593)
	at org.springframework.beans.factory.annotation.InjectionMetadata.inject(InjectionMetadata.java:90)
	at org.springframework.beans.factory.annotation.AutowiredAnnotationBeanPostProcessor.postProcessProperties(AutowiredAnnotationBeanPostProcessor.java:374)
	at org.springframework.beans.factory.support.AbstractAutowireCapableBeanFactory.populateBean(AbstractAutowireCapableBeanFactory.java:1411)
	at org.springframework.beans.factory.support.AbstractAutowireCapableBeanFactory.doCreateBean(AbstractAutowireCapableBeanFactory.java:592)
	at org.springframework.beans.factory.support.AbstractAutowireCapableBeanFactory.createBean(AbstractAutowireCapableBeanFactory.java:515)
	at org.springframework.beans.factory.support.AbstractBeanFactory.lambda$doGetBean$0(AbstractBeanFactory.java:320)
	at org.springframework.beans.factory.support.DefaultSingletonBeanRegistry.getSingleton(DefaultSingletonBeanRegistry.java:222)
	at org.springframework.beans.factory.support.AbstractBeanFactory.doGetBean(AbstractBeanFactory.java:318)
	at org.springframework.beans.factory.support.AbstractBeanFactory.getBean(AbstractBeanFactory.java:199)
	at org.springframework.beans.factory.support.DefaultListableBeanFactory.preInstantiateSingletons(DefaultListableBeanFactory.java:845)
	at org.springframework.context.support.AbstractApplicationContext.finishBeanFactoryInitialization(AbstractApplicationContext.java:877)
	at org.springframework.context.support.AbstractApplicationContext.refresh(AbstractApplicationContext.java:549)
	at org.springframework.boot.web.servlet.context.ServletWebServerApplicationContext.refresh(ServletWebServerApplicationContext.java:141)
	at org.springframework.boot.SpringApplication.refresh(SpringApplication.java:744)
	at org.springframework.boot.SpringApplication.refreshContext(SpringApplication.java:391)
	at org.springframework.boot.SpringApplication.run(SpringApplication.java:312)
	at org.springframework.boot.SpringApplication.run(SpringApplication.java:1215)
	at org.springframework.boot.SpringApplication.run(SpringApplication.java:1204)
	at com.anglia.mall.AdminAppMain.main(AdminAppMain.java:11)
Caused by: org.apache.ibatis.builder.BuilderException: Wrong namespace. Expected 'com.anglia.mall.mapper.PmsBrandMapper' but found 'com.anglia.mall.mapper.PmsBrandService'.
	at org.apache.ibatis.builder.MapperBuilderAssistant.setCurrentNamespace(MapperBuilderAssistant.java:78)
	at org.apache.ibatis.builder.xml.XMLMapperBuilder.configurationElement(XMLMapperBuilder.java:112)
	... 51 more
2019-10-07 11:11:19,124 org.springframework.boot.web.servlet.context.AnnotationConfigServletWebServerApplicationContext [main] (AbstractApplicationContext.java:557) WARN  --> Exception encountered during context initialization - cancelling refresh attempt: org.springframework.beans.factory.UnsatisfiedDependencyException: Error creating bean with name 'pmdBrandController': Unsatisfied dependency expressed through field 'pmsBrandService'; nested exception is org.springframework.beans.factory.UnsatisfiedDependencyException: Error creating bean with name 'pmsBrandServiceImpl': Unsatisfied dependency expressed through field 'pmsBrandMapper'; nested exception is org.springframework.beans.factory.BeanCreationException: Error creating bean with name 'pmsBrandMapper' defined in file [G:\workSpaceForIDEA\mall-li\mall-admin\target\classes\com\anglia\mall\mapper\PmsBrandMapper.class]: Invocation of init method failed; nested exception is java.lang.IllegalArgumentException: org.apache.ibatis.builder.BuilderException: Error parsing Mapper XML. The XML location is 'com/anglia/mall/mapper/PmsBrandMapper.xml'. Cause: org.apache.ibatis.builder.BuilderException: Wrong namespace. Expected 'com.anglia.mall.mapper.PmsBrandMapper' but found 'com.anglia.mall.mapper.PmsBrandService'.
2019-10-07 11:11:19,124 com.alibaba.druid.pool.DruidDataSource [main] (DruidDataSource.java:1965) INFO  --> {dataSource-0} closing ...
2019-10-07 11:11:19,150 org.springframework.boot.autoconfigure.logging.ConditionEvaluationReportLoggingListener [main] (ConditionEvaluationReportLoggingListener.java:136) INFO  --> 

Error starting ApplicationContext. To display the conditions report re-run your application with 'debug' enabled.
2019-10-07 11:11:19,158 org.springframework.boot.SpringApplication [main] (SpringApplication.java:823) ERROR --> Application run failed
org.springframework.beans.factory.UnsatisfiedDependencyException: Error creating bean with name 'pmdBrandController': Unsatisfied dependency expressed through field 'pmsBrandService'; nested exception is org.springframework.beans.factory.UnsatisfiedDependencyException: Error creating bean with name 'pmsBrandServiceImpl': Unsatisfied dependency expressed through field 'pmsBrandMapper'; nested exception is org.springframework.beans.factory.BeanCreationException: Error creating bean with name 'pmsBrandMapper' defined in file [G:\workSpaceForIDEA\mall-li\mall-admin\target\classes\com\anglia\mall\mapper\PmsBrandMapper.class]: Invocation of init method failed; nested exception is java.lang.IllegalArgumentException: org.apache.ibatis.builder.BuilderException: Error parsing Mapper XML. The XML location is 'com/anglia/mall/mapper/PmsBrandMapper.xml'. Cause: org.apache.ibatis.builder.BuilderException: Wrong namespace. Expected 'com.anglia.mall.mapper.PmsBrandMapper' but found 'com.anglia.mall.mapper.PmsBrandService'.
	at org.springframework.beans.factory.annotation.AutowiredAnnotationBeanPostProcessor$AutowiredFieldElement.inject(AutowiredAnnotationBeanPostProcessor.java:596)
	at org.springframework.beans.factory.annotation.InjectionMetadata.inject(InjectionMetadata.java:90)
	at org.springframework.beans.factory.annotation.AutowiredAnnotationBeanPostProcessor.postProcessProperties(AutowiredAnnotationBeanPostProcessor.java:374)
	at org.springframework.beans.factory.support.AbstractAutowireCapableBeanFactory.populateBean(AbstractAutowireCapableBeanFactory.java:1411)
	at org.springframework.beans.factory.support.AbstractAutowireCapableBeanFactory.doCreateBean(AbstractAutowireCapableBeanFactory.java:592)
	at org.springframework.beans.factory.support.AbstractAutowireCapableBeanFactory.createBean(AbstractAutowireCapableBeanFactory.java:515)
	at org.springframework.beans.factory.support.AbstractBeanFactory.lambda$doGetBean$0(AbstractBeanFactory.java:320)
	at org.springframework.beans.factory.support.DefaultSingletonBeanRegistry.getSingleton(DefaultSingletonBeanRegistry.java:222)
	at org.springframework.beans.factory.support.AbstractBeanFactory.doGetBean(AbstractBeanFactory.java:318)
	at org.springframework.beans.factory.support.AbstractBeanFactory.getBean(AbstractBeanFactory.java:199)
	at org.springframework.beans.factory.support.DefaultListableBeanFactory.preInstantiateSingletons(DefaultListableBeanFactory.java:845)
	at org.springframework.context.support.AbstractApplicationContext.finishBeanFactoryInitialization(AbstractApplicationContext.java:877)
	at org.springframework.context.support.AbstractApplicationContext.refresh(AbstractApplicationContext.java:549)
	at org.springframework.boot.web.servlet.context.ServletWebServerApplicationContext.refresh(ServletWebServerApplicationContext.java:141)
	at org.springframework.boot.SpringApplication.refresh(SpringApplication.java:744)
	at org.springframework.boot.SpringApplication.refreshContext(SpringApplication.java:391)
	at org.springframework.boot.SpringApplication.run(SpringApplication.java:312)
	at org.springframework.boot.SpringApplication.run(SpringApplication.java:1215)
	at org.springframework.boot.SpringApplication.run(SpringApplication.java:1204)
	at com.anglia.mall.AdminAppMain.main(AdminAppMain.java:11)
Caused by: org.springframework.beans.factory.UnsatisfiedDependencyException: Error creating bean with name 'pmsBrandServiceImpl': Unsatisfied dependency expressed through field 'pmsBrandMapper'; nested exception is org.springframework.beans.factory.BeanCreationException: Error creating bean with name 'pmsBrandMapper' defined in file [G:\workSpaceForIDEA\mall-li\mall-admin\target\classes\com\anglia\mall\mapper\PmsBrandMapper.class]: Invocation of init method failed; nested exception is java.lang.IllegalArgumentException: org.apache.ibatis.builder.BuilderException: Error parsing Mapper XML. The XML location is 'com/anglia/mall/mapper/PmsBrandMapper.xml'. Cause: org.apache.ibatis.builder.BuilderException: Wrong namespace. Expected 'com.anglia.mall.mapper.PmsBrandMapper' but found 'com.anglia.mall.mapper.PmsBrandService'.
	at org.springframework.beans.factory.annotation.AutowiredAnnotationBeanPostProcessor$AutowiredFieldElement.inject(AutowiredAnnotationBeanPostProcessor.java:596)
	at org.springframework.beans.factory.annotation.InjectionMetadata.inject(InjectionMetadata.java:90)
	at org.springframework.beans.factory.annotation.AutowiredAnnotationBeanPostProcessor.postProcessProperties(AutowiredAnnotationBeanPostProcessor.java:374)
	at org.springframework.beans.factory.support.AbstractAutowireCapableBeanFactory.populateBean(AbstractAutowireCapableBeanFactory.java:1411)
	at org.springframework.beans.factory.support.AbstractAutowireCapableBeanFactory.doCreateBean(AbstractAutowireCapableBeanFactory.java:592)
	at org.springframework.beans.factory.support.AbstractAutowireCapableBeanFactory.createBean(AbstractAutowireCapableBeanFactory.java:515)
	at org.springframework.beans.factory.support.AbstractBeanFactory.lambda$doGetBean$0(AbstractBeanFactory.java:320)
	at org.springframework.beans.factory.support.DefaultSingletonBeanRegistry.getSingleton(DefaultSingletonBeanRegistry.java:222)
	at org.springframework.beans.factory.support.AbstractBeanFactory.doGetBean(AbstractBeanFactory.java:318)
	at org.springframework.beans.factory.support.AbstractBeanFactory.getBean(AbstractBeanFactory.java:199)
	at org.springframework.beans.factory.config.DependencyDescriptor.resolveCandidate(DependencyDescriptor.java:277)
	at org.springframework.beans.factory.support.DefaultListableBeanFactory.doResolveDependency(DefaultListableBeanFactory.java:1251)
	at org.springframework.beans.factory.support.DefaultListableBeanFactory.resolveDependency(DefaultListableBeanFactory.java:1171)
	at org.springframework.beans.factory.annotation.AutowiredAnnotationBeanPostProcessor$AutowiredFieldElement.inject(AutowiredAnnotationBeanPostProcessor.java:593)
	... 19 more
Caused by: org.springframework.beans.factory.BeanCreationException: Error creating bean with name 'pmsBrandMapper' defined in file [G:\workSpaceForIDEA\mall-li\mall-admin\target\classes\com\anglia\mall\mapper\PmsBrandMapper.class]: Invocation of init method failed; nested exception is java.lang.IllegalArgumentException: org.apache.ibatis.builder.BuilderException: Error parsing Mapper XML. The XML location is 'com/anglia/mall/mapper/PmsBrandMapper.xml'. Cause: org.apache.ibatis.builder.BuilderException: Wrong namespace. Expected 'com.anglia.mall.mapper.PmsBrandMapper' but found 'com.anglia.mall.mapper.PmsBrandService'.
	at org.springframework.beans.factory.support.AbstractAutowireCapableBeanFactory.initializeBean(AbstractAutowireCapableBeanFactory.java:1778)
	at org.springframework.beans.factory.support.AbstractAutowireCapableBeanFactory.doCreateBean(AbstractAutowireCapableBeanFactory.java:593)
	at org.springframework.beans.factory.support.AbstractAutowireCapableBeanFactory.createBean(AbstractAutowireCapableBeanFactory.java:515)
	at org.springframework.beans.factory.support.AbstractBeanFactory.lambda$doGetBean$0(AbstractBeanFactory.java:320)
	at org.springframework.beans.factory.support.DefaultSingletonBeanRegistry.getSingleton(DefaultSingletonBeanRegistry.java:222)
	at org.springframework.beans.factory.support.AbstractBeanFactory.doGetBean(AbstractBeanFactory.java:318)
	at org.springframework.beans.factory.support.AbstractBeanFactory.getBean(AbstractBeanFactory.java:199)
	at org.springframework.beans.factory.config.DependencyDescriptor.resolveCandidate(DependencyDescriptor.java:277)
	at org.springframework.beans.factory.support.DefaultListableBeanFactory.doResolveDependency(DefaultListableBeanFactory.java:1251)
	at org.springframework.beans.factory.support.DefaultListableBeanFactory.resolveDependency(DefaultListableBeanFactory.java:1171)
	at org.springframework.beans.factory.annotation.AutowiredAnnotationBeanPostProcessor$AutowiredFieldElement.inject(AutowiredAnnotationBeanPostProcessor.java:593)
	... 32 more
Caused by: java.lang.IllegalArgumentException: org.apache.ibatis.builder.BuilderException: Error parsing Mapper XML. The XML location is 'com/anglia/mall/mapper/PmsBrandMapper.xml'. Cause: org.apache.ibatis.builder.BuilderException: Wrong namespace. Expected 'com.anglia.mall.mapper.PmsBrandMapper' but found 'com.anglia.mall.mapper.PmsBrandService'.
	at org.mybatis.spring.mapper.MapperFactoryBean.checkDaoConfig(MapperFactoryBean.java:83)
	at org.springframework.dao.support.DaoSupport.afterPropertiesSet(DaoSupport.java:44)
	at org.springframework.beans.factory.support.AbstractAutowireCapableBeanFactory.invokeInitMethods(AbstractAutowireCapableBeanFactory.java:1837)
	at org.springframework.beans.factory.support.AbstractAutowireCapableBeanFactory.initializeBean(AbstractAutowireCapableBeanFactory.java:1774)
	... 42 more
Caused by: org.apache.ibatis.builder.BuilderException: Error parsing Mapper XML. The XML location is 'com/anglia/mall/mapper/PmsBrandMapper.xml'. Cause: org.apache.ibatis.builder.BuilderException: Wrong namespace. Expected 'com.anglia.mall.mapper.PmsBrandMapper' but found 'com.anglia.mall.mapper.PmsBrandService'.
	at org.apache.ibatis.builder.xml.XMLMapperBuilder.configurationElement(XMLMapperBuilder.java:120)
	at org.apache.ibatis.builder.xml.XMLMapperBuilder.parse(XMLMapperBuilder.java:92)
	at org.apache.ibatis.builder.annotation.MapperAnnotationBuilder.loadXmlResource(MapperAnnotationBuilder.java:173)
	at org.apache.ibatis.builder.annotation.MapperAnnotationBuilder.parse(MapperAnnotationBuilder.java:124)
	at org.apache.ibatis.binding.MapperRegistry.addMapper(MapperRegistry.java:72)
	at org.apache.ibatis.session.Configuration.addMapper(Configuration.java:741)
	at org.mybatis.spring.mapper.MapperFactoryBean.checkDaoConfig(MapperFactoryBean.java:80)
	... 45 more
Caused by: org.apache.ibatis.builder.BuilderException: Wrong namespace. Expected 'com.anglia.mall.mapper.PmsBrandMapper' but found 'com.anglia.mall.mapper.PmsBrandService'.
	at org.apache.ibatis.builder.MapperBuilderAssistant.setCurrentNamespace(MapperBuilderAssistant.java:78)
	at org.apache.ibatis.builder.xml.XMLMapperBuilder.configurationElement(XMLMapperBuilder.java:112)
	... 51 more
2019-10-07 11:14:42,433 org.hibernate.validator.internal.util.Version [background-preinit] (Version.java:21) INFO  --> HV000001: Hibernate Validator 6.0.17.Final
2019-10-07 11:14:42,610 com.anglia.mall.AdminAppMain [main] (StartupInfoLogger.java:50) INFO  --> Starting AdminAppMain on LAPTOP-ILE10CHG with PID 15640 (G:\workSpaceForIDEA\mall-li\mall-admin\target\classes started by 有之君 in G:\workSpaceForIDEA\mall-li)
2019-10-07 11:14:42,611 com.anglia.mall.AdminAppMain [main] (SpringApplication.java:648) INFO  --> No active profile set, falling back to default profiles: default
2019-10-07 11:14:43,709 org.springframework.boot.web.embedded.tomcat.TomcatWebServer [main] (TomcatWebServer.java:90) INFO  --> Tomcat initialized with port(s): 8080 (http)
2019-10-07 11:14:44,890 org.springframework.web.context.ContextLoader [main] (ServletWebServerApplicationContext.java:284) INFO  --> Root WebApplicationContext: initialization completed in 2242 ms
2019-10-07 11:14:44,900 com.anglia.mall.config.DruidConfig [main] (DruidConfig.java:130) INFO  --> 配置访问监控的servlet信息
2019-10-07 11:14:44,904 com.anglia.mall.config.DruidConfig [main] (DruidConfig.java:142) INFO  --> 配置访问监控的servlet信息完毕
2019-10-07 11:14:44,906 com.anglia.mall.config.DruidConfig [main] (DruidConfig.java:152) INFO  --> 配置监控的过滤器信息
2019-10-07 11:14:44,909 com.anglia.mall.config.DruidConfig [main] (DruidConfig.java:158) INFO  --> 配置监控的过滤器完毕
2019-10-07 11:14:44,988 com.anglia.mall.config.DruidConfig [main] (DruidConfig.java:91) INFO  --> 开始加载DruidDataSource信息
2019-10-07 11:14:45,008 com.anglia.mall.config.DruidConfig [main] (DruidConfig.java:118) INFO  --> 加载DruidDataSource信息完毕
2019-10-07 11:14:46,032 org.springframework.scheduling.concurrent.ThreadPoolTaskExecutor [main] (ExecutorConfigurationSupport.java:171) INFO  --> Initializing ExecutorService 'applicationTaskExecutor'
2019-10-07 11:14:46,388 org.springframework.boot.web.embedded.tomcat.TomcatWebServer [main] (TomcatWebServer.java:202) INFO  --> Tomcat started on port(s): 8080 (http) with context path ''
2019-10-07 11:14:46,391 com.anglia.mall.AdminAppMain [main] (StartupInfoLogger.java:59) INFO  --> Started AdminAppMain in 4.098 seconds (JVM running for 5.661)
2019-10-07 11:14:55,251 org.springframework.web.servlet.DispatcherServlet [http-nio-8080-exec-1] (FrameworkServlet.java:524) INFO  --> Initializing Servlet 'dispatcherServlet'
2019-10-07 11:14:55,260 org.springframework.web.servlet.DispatcherServlet [http-nio-8080-exec-1] (FrameworkServlet.java:546) INFO  --> Completed initialization in 8 ms
2019-10-07 11:14:55,625 com.alibaba.druid.pool.DruidDataSource [http-nio-8080-exec-1] (DruidDataSource.java:1003) INFO  --> {dataSource-1} inited
2019-10-07 11:14:55,794 org.springframework.web.servlet.mvc.support.DefaultHandlerExceptionResolver [http-nio-8080-exec-1] (AbstractHandlerExceptionResolver.java:198) WARN  --> Resolved [org.springframework.http.converter.HttpMessageNotWritableException: No converter found for return value of type: class com.anglia.mall.CommonResult]
2019-10-07 11:16:29,076 org.hibernate.validator.internal.util.Version [background-preinit] (Version.java:21) INFO  --> HV000001: Hibernate Validator 6.0.17.Final
2019-10-07 11:16:29,307 com.anglia.mall.AdminAppMain [main] (StartupInfoLogger.java:50) INFO  --> Starting AdminAppMain on LAPTOP-ILE10CHG with PID 20168 (G:\workSpaceForIDEA\mall-li\mall-admin\target\classes started by 有之君 in G:\workSpaceForIDEA\mall-li)
2019-10-07 11:16:29,308 com.anglia.mall.AdminAppMain [main] (SpringApplication.java:648) INFO  --> No active profile set, falling back to default profiles: default
2019-10-07 11:16:30,696 org.springframework.boot.web.embedded.tomcat.TomcatWebServer [main] (TomcatWebServer.java:90) INFO  --> Tomcat initialized with port(s): 8080 (http)
2019-10-07 11:16:31,981 org.springframework.web.context.ContextLoader [main] (ServletWebServerApplicationContext.java:284) INFO  --> Root WebApplicationContext: initialization completed in 2613 ms
2019-10-07 11:16:31,996 com.anglia.mall.config.DruidConfig [main] (DruidConfig.java:130) INFO  --> 配置访问监控的servlet信息
2019-10-07 11:16:32,002 com.anglia.mall.config.DruidConfig [main] (DruidConfig.java:142) INFO  --> 配置访问监控的servlet信息完毕
2019-10-07 11:16:32,004 com.anglia.mall.config.DruidConfig [main] (DruidConfig.java:152) INFO  --> 配置监控的过滤器信息
2019-10-07 11:16:32,009 com.anglia.mall.config.DruidConfig [main] (DruidConfig.java:158) INFO  --> 配置监控的过滤器完毕
2019-10-07 11:16:32,141 com.anglia.mall.config.DruidConfig [main] (DruidConfig.java:91) INFO  --> 开始加载DruidDataSource信息
2019-10-07 11:16:32,163 com.anglia.mall.config.DruidConfig [main] (DruidConfig.java:118) INFO  --> 加载DruidDataSource信息完毕
2019-10-07 11:16:33,523 org.springframework.scheduling.concurrent.ThreadPoolTaskExecutor [main] (ExecutorConfigurationSupport.java:171) INFO  --> Initializing ExecutorService 'applicationTaskExecutor'
2019-10-07 11:16:33,792 org.springframework.boot.web.embedded.tomcat.TomcatWebServer [main] (TomcatWebServer.java:202) INFO  --> Tomcat started on port(s): 8080 (http) with context path ''
2019-10-07 11:16:33,796 com.anglia.mall.AdminAppMain [main] (StartupInfoLogger.java:59) INFO  --> Started AdminAppMain in 4.907 seconds (JVM running for 6.622)
2019-10-07 11:17:14,123 org.springframework.web.servlet.DispatcherServlet [http-nio-8080-exec-1] (FrameworkServlet.java:524) INFO  --> Initializing Servlet 'dispatcherServlet'
2019-10-07 11:17:14,132 org.springframework.web.servlet.DispatcherServlet [http-nio-8080-exec-1] (FrameworkServlet.java:546) INFO  --> Completed initialization in 9 ms
2019-10-07 11:17:41,221 com.alibaba.druid.pool.DruidDataSource [http-nio-8080-exec-1] (DruidDataSource.java:1003) INFO  --> {dataSource-1} inited
2019-10-07 11:19:25,855 org.springframework.web.servlet.mvc.support.DefaultHandlerExceptionResolver [http-nio-8080-exec-1] (AbstractHandlerExceptionResolver.java:198) WARN  --> Resolved [org.springframework.http.converter.HttpMessageNotWritableException: No converter found for return value of type: class com.anglia.mall.CommonResult]
2019-10-07 11:22:41,167 org.springframework.scheduling.concurrent.ThreadPoolTaskExecutor [Thread-11] (ExecutorConfigurationSupport.java:208) INFO  --> Shutting down ExecutorService 'applicationTaskExecutor'
2019-10-07 11:22:41,168 com.alibaba.druid.pool.DruidDataSource [Thread-11] (DruidDataSource.java:1965) INFO  --> {dataSource-1} closing ...
2019-10-07 11:22:41,176 com.alibaba.druid.pool.DruidDataSource [Thread-11] (DruidDataSource.java:2037) INFO  --> {dataSource-1} closed
2019-10-07 11:55:49,060 org.hibernate.validator.internal.util.Version [background-preinit] (Version.java:21) INFO  --> HV000001: Hibernate Validator 6.0.17.Final
2019-10-07 11:55:49,255 com.anglia.mall.AdminAppMain [main] (StartupInfoLogger.java:50) INFO  --> Starting AdminAppMain on LAPTOP-ILE10CHG with PID 10596 (G:\workSpaceForIDEA\mall-li\mall-admin\target\classes started by 有之君 in G:\workSpaceForIDEA\mall-li)
2019-10-07 11:55:49,256 com.anglia.mall.AdminAppMain [main] (SpringApplication.java:648) INFO  --> No active profile set, falling back to default profiles: default
2019-10-07 11:55:50,435 org.springframework.context.support.PostProcessorRegistrationDelegate$BeanPostProcessorChecker [main] (PostProcessorRegistrationDelegate.java:330) INFO  --> Bean 'org.springframework.transaction.annotation.ProxyTransactionManagementConfiguration' of type [org.springframework.transaction.annotation.ProxyTransactionManagementConfiguration$$EnhancerBySpringCGLIB$$65008d66] is not eligible for getting processed by all BeanPostProcessors (for example: not eligible for auto-proxying)
2019-10-07 11:55:50,668 org.springframework.boot.web.embedded.tomcat.TomcatWebServer [main] (TomcatWebServer.java:90) INFO  --> Tomcat initialized with port(s): 8080 (http)
2019-10-07 11:55:51,859 org.springframework.web.context.ContextLoader [main] (ServletWebServerApplicationContext.java:284) INFO  --> Root WebApplicationContext: initialization completed in 2565 ms
2019-10-07 11:55:51,870 com.anglia.mall.config.DruidConfig [main] (DruidConfig.java:130) INFO  --> 配置访问监控的servlet信息
2019-10-07 11:55:51,874 com.anglia.mall.config.DruidConfig [main] (DruidConfig.java:142) INFO  --> 配置访问监控的servlet信息完毕
2019-10-07 11:55:51,876 com.anglia.mall.config.DruidConfig [main] (DruidConfig.java:152) INFO  --> 配置监控的过滤器信息
2019-10-07 11:55:51,878 com.anglia.mall.config.DruidConfig [main] (DruidConfig.java:158) INFO  --> 配置监控的过滤器完毕
2019-10-07 11:55:51,961 com.anglia.mall.config.DruidConfig [main] (DruidConfig.java:91) INFO  --> 开始加载DruidDataSource信息
2019-10-07 11:55:51,981 com.anglia.mall.config.DruidConfig [main] (DruidConfig.java:118) INFO  --> 加载DruidDataSource信息完毕
2019-10-07 11:55:53,267 springfox.documentation.spring.web.PropertySourcedRequestMappingHandlerMapping [main] (PropertySourcedRequestMappingHandlerMapping.java:69) INFO  --> Mapped URL path [/v2/api-docs] onto method [public org.springframework.http.ResponseEntity<springfox.documentation.spring.web.json.Json> springfox.documentation.swagger2.web.Swagger2Controller.getDocumentation(java.lang.String,javax.servlet.http.HttpServletRequest)]
2019-10-07 11:55:53,371 org.springframework.scheduling.concurrent.ThreadPoolTaskExecutor [main] (ExecutorConfigurationSupport.java:171) INFO  --> Initializing ExecutorService 'applicationTaskExecutor'
2019-10-07 11:55:53,538 springfox.documentation.spring.web.plugins.DocumentationPluginsBootstrapper [main] (DocumentationPluginsBootstrapper.java:147) INFO  --> Context refreshed
2019-10-07 11:55:53,552 springfox.documentation.spring.web.plugins.DocumentationPluginsBootstrapper [main] (DocumentationPluginsBootstrapper.java:150) INFO  --> Found 1 custom documentation plugin(s)
2019-10-07 11:55:53,581 springfox.documentation.spring.web.scanners.ApiListingReferenceScanner [main] (ApiListingReferenceScanner.java:41) INFO  --> Scanning for api listing references
2019-10-07 11:55:53,722 org.springframework.boot.web.embedded.tomcat.TomcatWebServer [main] (TomcatWebServer.java:202) INFO  --> Tomcat started on port(s): 8080 (http) with context path ''
2019-10-07 11:55:53,725 com.anglia.mall.AdminAppMain [main] (StartupInfoLogger.java:59) INFO  --> Started AdminAppMain in 4.792 seconds (JVM running for 6.404)
2019-10-07 11:56:44,923 org.springframework.web.servlet.DispatcherServlet [http-nio-8080-exec-1] (FrameworkServlet.java:524) INFO  --> Initializing Servlet 'dispatcherServlet'
2019-10-07 11:56:44,935 org.springframework.web.servlet.DispatcherServlet [http-nio-8080-exec-1] (FrameworkServlet.java:546) INFO  --> Completed initialization in 12 ms
2019-10-07 11:58:28,194 com.alibaba.druid.pool.DruidDataSource [http-nio-8080-exec-7] (DruidDataSource.java:1003) INFO  --> {dataSource-1} inited
2019-10-07 11:58:28,308 org.springframework.web.servlet.mvc.support.DefaultHandlerExceptionResolver [http-nio-8080-exec-7] (AbstractHandlerExceptionResolver.java:198) WARN  --> Resolved [org.springframework.http.converter.HttpMessageNotWritableException: No converter found for return value of type: class com.anglia.mall.CommonResult]
2019-10-07 12:01:28,065 org.hibernate.validator.internal.util.Version [background-preinit] (Version.java:21) INFO  --> HV000001: Hibernate Validator 6.0.17.Final
2019-10-07 12:01:28,243 com.anglia.mall.AdminAppMain [main] (StartupInfoLogger.java:50) INFO  --> Starting AdminAppMain on LAPTOP-ILE10CHG with PID 14860 (G:\workSpaceForIDEA\mall-li\mall-admin\target\classes started by 有之君 in G:\workSpaceForIDEA\mall-li)
2019-10-07 12:01:28,244 com.anglia.mall.AdminAppMain [main] (SpringApplication.java:648) INFO  --> No active profile set, falling back to default profiles: default
2019-10-07 12:01:29,384 org.springframework.context.support.PostProcessorRegistrationDelegate$BeanPostProcessorChecker [main] (PostProcessorRegistrationDelegate.java:330) INFO  --> Bean 'org.springframework.transaction.annotation.ProxyTransactionManagementConfiguration' of type [org.springframework.transaction.annotation.ProxyTransactionManagementConfiguration$$EnhancerBySpringCGLIB$$bf8411c] is not eligible for getting processed by all BeanPostProcessors (for example: not eligible for auto-proxying)
2019-10-07 12:01:29,625 org.springframework.boot.web.embedded.tomcat.TomcatWebServer [main] (TomcatWebServer.java:90) INFO  --> Tomcat initialized with port(s): 8080 (http)
2019-10-07 12:01:30,837 org.springframework.web.context.ContextLoader [main] (ServletWebServerApplicationContext.java:284) INFO  --> Root WebApplicationContext: initialization completed in 2559 ms
2019-10-07 12:01:30,847 com.anglia.mall.config.DruidConfig [main] (DruidConfig.java:130) INFO  --> 配置访问监控的servlet信息
2019-10-07 12:01:30,851 com.anglia.mall.config.DruidConfig [main] (DruidConfig.java:142) INFO  --> 配置访问监控的servlet信息完毕
2019-10-07 12:01:30,853 com.anglia.mall.config.DruidConfig [main] (DruidConfig.java:152) INFO  --> 配置监控的过滤器信息
2019-10-07 12:01:30,856 com.anglia.mall.config.DruidConfig [main] (DruidConfig.java:158) INFO  --> 配置监控的过滤器完毕
2019-10-07 12:01:30,939 com.anglia.mall.config.DruidConfig [main] (DruidConfig.java:91) INFO  --> 开始加载DruidDataSource信息
2019-10-07 12:01:30,958 com.anglia.mall.config.DruidConfig [main] (DruidConfig.java:118) INFO  --> 加载DruidDataSource信息完毕
2019-10-07 12:01:32,244 springfox.documentation.spring.web.PropertySourcedRequestMappingHandlerMapping [main] (PropertySourcedRequestMappingHandlerMapping.java:69) INFO  --> Mapped URL path [/v2/api-docs] onto method [public org.springframework.http.ResponseEntity<springfox.documentation.spring.web.json.Json> springfox.documentation.swagger2.web.Swagger2Controller.getDocumentation(java.lang.String,javax.servlet.http.HttpServletRequest)]
2019-10-07 12:01:32,353 org.springframework.scheduling.concurrent.ThreadPoolTaskExecutor [main] (ExecutorConfigurationSupport.java:171) INFO  --> Initializing ExecutorService 'applicationTaskExecutor'
2019-10-07 12:01:32,543 springfox.documentation.spring.web.plugins.DocumentationPluginsBootstrapper [main] (DocumentationPluginsBootstrapper.java:147) INFO  --> Context refreshed
2019-10-07 12:01:32,562 springfox.documentation.spring.web.plugins.DocumentationPluginsBootstrapper [main] (DocumentationPluginsBootstrapper.java:150) INFO  --> Found 1 custom documentation plugin(s)
2019-10-07 12:01:32,593 springfox.documentation.spring.web.scanners.ApiListingReferenceScanner [main] (ApiListingReferenceScanner.java:41) INFO  --> Scanning for api listing references
2019-10-07 12:01:32,758 org.springframework.boot.web.embedded.tomcat.TomcatWebServer [main] (TomcatWebServer.java:202) INFO  --> Tomcat started on port(s): 8080 (http) with context path ''
2019-10-07 12:01:32,761 com.anglia.mall.AdminAppMain [main] (StartupInfoLogger.java:59) INFO  --> Started AdminAppMain in 4.827 seconds (JVM running for 6.371)
2019-10-07 12:01:43,181 org.springframework.web.servlet.DispatcherServlet [http-nio-8080-exec-1] (FrameworkServlet.java:524) INFO  --> Initializing Servlet 'dispatcherServlet'
2019-10-07 12:01:43,192 org.springframework.web.servlet.DispatcherServlet [http-nio-8080-exec-1] (FrameworkServlet.java:546) INFO  --> Completed initialization in 11 ms
2019-10-07 12:01:48,681 com.alibaba.druid.pool.DruidDataSource [http-nio-8080-exec-1] (DruidDataSource.java:1003) INFO  --> {dataSource-1} inited
2019-10-09 22:11:24,651 org.hibernate.validator.internal.util.Version [background-preinit] (Version.java:21) INFO  --> HV000001: Hibernate Validator 6.0.17.Final
2019-10-09 22:11:25,667 com.anglia.mall.AdminAppMain [main] (StartupInfoLogger.java:50) INFO  --> Starting AdminAppMain on LAPTOP-ILE10CHG with PID 3180 (G:\workSpaceForIDEA\mall-li\mall-admin\target\classes started by 有之君 in G:\workSpaceForIDEA\mall-li)
2019-10-09 22:11:25,668 com.anglia.mall.AdminAppMain [main] (SpringApplication.java:648) INFO  --> No active profile set, falling back to default profiles: default
2019-10-09 22:11:31,746 org.springframework.data.repository.config.RepositoryConfigurationDelegate [main] (RepositoryConfigurationDelegate.java:244) INFO  --> Multiple Spring Data modules found, entering strict repository configuration mode!
2019-10-09 22:11:31,750 org.springframework.data.repository.config.RepositoryConfigurationDelegate [main] (RepositoryConfigurationDelegate.java:126) INFO  --> Bootstrapping Spring Data repositories in DEFAULT mode.
2019-10-09 22:11:31,823 org.springframework.data.repository.config.RepositoryConfigurationDelegate [main] (RepositoryConfigurationDelegate.java:182) INFO  --> Finished Spring Data repository scanning in 62ms. Found 0 repository interfaces.
2019-10-09 22:11:32,472 org.springframework.context.support.PostProcessorRegistrationDelegate$BeanPostProcessorChecker [main] (PostProcessorRegistrationDelegate.java:330) INFO  --> Bean 'org.springframework.transaction.annotation.ProxyTransactionManagementConfiguration' of type [org.springframework.transaction.annotation.ProxyTransactionManagementConfiguration$$EnhancerBySpringCGLIB$$d090f31b] is not eligible for getting processed by all BeanPostProcessors (for example: not eligible for auto-proxying)
2019-10-09 22:11:33,123 org.springframework.boot.web.embedded.tomcat.TomcatWebServer [main] (TomcatWebServer.java:90) INFO  --> Tomcat initialized with port(s): 8080 (http)
2019-10-09 22:11:34,501 org.springframework.web.context.ContextLoader [main] (ServletWebServerApplicationContext.java:284) INFO  --> Root WebApplicationContext: initialization completed in 8490 ms
2019-10-09 22:11:34,523 com.anglia.mall.config.DruidConfig [main] (DruidConfig.java:130) INFO  --> 配置访问监控的servlet信息
2019-10-09 22:11:34,543 com.anglia.mall.config.DruidConfig [main] (DruidConfig.java:142) INFO  --> 配置访问监控的servlet信息完毕
2019-10-09 22:11:34,545 com.anglia.mall.config.DruidConfig [main] (DruidConfig.java:152) INFO  --> 配置监控的过滤器信息
2019-10-09 22:11:34,557 com.anglia.mall.config.DruidConfig [main] (DruidConfig.java:158) INFO  --> 配置监控的过滤器完毕
2019-10-09 22:11:34,882 com.anglia.mall.config.DruidConfig [main] (DruidConfig.java:91) INFO  --> 开始加载DruidDataSource信息
2019-10-09 22:11:34,928 com.anglia.mall.config.DruidConfig [main] (DruidConfig.java:118) INFO  --> 加载DruidDataSource信息完毕
2019-10-09 22:11:37,519 org.springframework.boot.actuate.endpoint.web.EndpointLinksResolver [main] (EndpointLinksResolver.java:58) INFO  --> Exposing 2 endpoint(s) beneath base path '/actuator'
2019-10-09 22:11:37,623 springfox.documentation.spring.web.PropertySourcedRequestMappingHandlerMapping [main] (PropertySourcedRequestMappingHandlerMapping.java:69) INFO  --> Mapped URL path [/v2/api-docs] onto method [public org.springframework.http.ResponseEntity<springfox.documentation.spring.web.json.Json> springfox.documentation.swagger2.web.Swagger2Controller.getDocumentation(java.lang.String,javax.servlet.http.HttpServletRequest)]
2019-10-09 22:11:37,915 org.springframework.scheduling.concurrent.ThreadPoolTaskExecutor [main] (ExecutorConfigurationSupport.java:171) INFO  --> Initializing ExecutorService 'applicationTaskExecutor'
2019-10-09 22:11:38,662 springfox.documentation.spring.web.plugins.DocumentationPluginsBootstrapper [main] (DocumentationPluginsBootstrapper.java:147) INFO  --> Context refreshed
2019-10-09 22:11:38,709 springfox.documentation.spring.web.plugins.DocumentationPluginsBootstrapper [main] (DocumentationPluginsBootstrapper.java:150) INFO  --> Found 1 custom documentation plugin(s)
2019-10-09 22:11:38,767 springfox.documentation.spring.web.scanners.ApiListingReferenceScanner [main] (ApiListingReferenceScanner.java:41) INFO  --> Scanning for api listing references
2019-10-09 22:11:38,994 org.springframework.boot.web.embedded.tomcat.TomcatWebServer [main] (TomcatWebServer.java:202) INFO  --> Tomcat started on port(s): 8080 (http) with context path ''
2019-10-09 22:11:39,021 com.anglia.mall.AdminAppMain [main] (StartupInfoLogger.java:59) INFO  --> Started AdminAppMain in 14.928 seconds (JVM running for 16.856)
2019-10-09 22:11:39,997 com.alibaba.druid.pool.DruidDataSource [RMI TCP Connection(1)-192.168.20.1] (DruidDataSource.java:1003) INFO  --> {dataSource-1} inited
2019-10-09 22:11:40,179 org.springframework.web.servlet.DispatcherServlet [RMI TCP Connection(3)-192.168.20.1] (FrameworkServlet.java:524) INFO  --> Initializing Servlet 'dispatcherServlet'
2019-10-09 22:11:40,189 org.springframework.web.servlet.DispatcherServlet [RMI TCP Connection(3)-192.168.20.1] (FrameworkServlet.java:546) INFO  --> Completed initialization in 10 ms
2019-10-09 22:11:40,459 io.lettuce.core.EpollProvider [parallel-1] (EpollProvider.java:68) INFO  --> Starting without optional epoll library
2019-10-09 22:11:40,460 io.lettuce.core.KqueueProvider [parallel-1] (KqueueProvider.java:70) INFO  --> Starting without optional kqueue library
2019-10-09 22:11:51,471 org.springframework.boot.actuate.redis.RedisReactiveHealthIndicator [parallel-1] (AbstractReactiveHealthIndicator.java:89) WARN  --> Redis health check failed
org.springframework.data.redis.RedisConnectionFailureException: Unable to connect to Redis; nested exception is io.lettuce.core.RedisConnectionException: Unable to connect to 192.168.20.131:6379
	at org.springframework.data.redis.connection.lettuce.LettuceConnectionFactory$SharedConnection.getNativeConnection(LettuceConnectionFactory.java:1106)
	at org.springframework.data.redis.connection.lettuce.LettuceConnectionFactory$SharedConnection.getConnection(LettuceConnectionFactory.java:1085)
	at org.springframework.data.redis.connection.lettuce.LettuceConnectionFactory.getSharedReactiveConnection(LettuceConnectionFactory.java:876)
	at org.springframework.data.redis.connection.lettuce.LettuceConnectionFactory.getReactiveConnection(LettuceConnectionFactory.java:377)
	at org.springframework.data.redis.connection.lettuce.LettuceConnectionFactory.getReactiveConnection(LettuceConnectionFactory.java:91)
	at reactor.core.publisher.MonoSupplier.call(MonoSupplier.java:85)
	at reactor.core.publisher.FluxSubscribeOnCallable$CallableSubscribeOnSubscription.run(FluxSubscribeOnCallable.java:225)
	at reactor.core.scheduler.SchedulerTask.call(SchedulerTask.java:50)
	at reactor.core.scheduler.SchedulerTask.call(SchedulerTask.java:27)
	at java.util.concurrent.FutureTask.run(FutureTask.java:266)
	at java.util.concurrent.ScheduledThreadPoolExecutor$ScheduledFutureTask.access$201(ScheduledThreadPoolExecutor.java:180)
	at java.util.concurrent.ScheduledThreadPoolExecutor$ScheduledFutureTask.run(ScheduledThreadPoolExecutor.java:293)
	at java.util.concurrent.ThreadPoolExecutor.runWorker(ThreadPoolExecutor.java:1142)
	at java.util.concurrent.ThreadPoolExecutor$Worker.run(ThreadPoolExecutor.java:617)
	at java.lang.Thread.run(Thread.java:745)
Caused by: io.lettuce.core.RedisConnectionException: Unable to connect to 192.168.20.131:6379
	at io.lettuce.core.RedisConnectionException.create(RedisConnectionException.java:78)
	at io.lettuce.core.RedisConnectionException.create(RedisConnectionException.java:56)
	at io.lettuce.core.AbstractRedisClient.getConnection(AbstractRedisClient.java:235)
	at io.lettuce.core.RedisClient.connect(RedisClient.java:204)
	at org.springframework.data.redis.connection.lettuce.StandaloneConnectionProvider.lambda$getConnection$1(StandaloneConnectionProvider.java:113)
	at java.util.Optional.orElseGet(Optional.java:267)
	at org.springframework.data.redis.connection.lettuce.StandaloneConnectionProvider.getConnection(StandaloneConnectionProvider.java:113)
	at org.springframework.data.redis.connection.lettuce.LettuceConnectionFactory$SharedConnection.getNativeConnection(LettuceConnectionFactory.java:1104)
	... 14 more
Caused by: io.netty.channel.ConnectTimeoutException: connection timed out: /192.168.20.131:6379
	at io.netty.channel.nio.AbstractNioChannel$AbstractNioUnsafe$1.run(AbstractNioChannel.java:263)
	at io.netty.util.concurrent.PromiseTask$RunnableAdapter.call(PromiseTask.java:38)
	at io.netty.util.concurrent.ScheduledFutureTask.run(ScheduledFutureTask.java:127)
	at io.netty.util.concurrent.AbstractEventExecutor.safeExecute(AbstractEventExecutor.java:163)
	at io.netty.util.concurrent.SingleThreadEventExecutor.runAllTasks(SingleThreadEventExecutor.java:416)
	at io.netty.channel.nio.NioEventLoop.run(NioEventLoop.java:515)
	at io.netty.util.concurrent.SingleThreadEventExecutor$5.run(SingleThreadEventExecutor.java:918)
	at io.netty.util.internal.ThreadExecutorMap$2.run(ThreadExecutorMap.java:74)
	at io.netty.util.concurrent.FastThreadLocalRunnable.run(FastThreadLocalRunnable.java:30)
	... 1 more
